[INFO ] 2017-05-14 21:15 (main) com.express.Application  Starting Application v0.1.0 on s192-169-153-88 with PID 5848 (C:\express\expressright\target\ExpressRightServer-0.1.0.jar started by radaveni in c:\express\expressright)
[INFO ] 2017-05-14 21:15 (main) com.express.Application  No active profile set, falling back to default profiles: default
[INFO ] 2017-05-14 21:15 (main) org.springframework.boot.context.embedded.AnnotationConfigEmbeddedWebApplicationContext  Refreshing org.springframework.boot.context.embedded.AnnotationConfigEmbeddedWebApplicationContext@21588809: startup date [Sun May 14 21:15:54 MST 2017]; root of context hierarchy
[INFO ] 2017-05-14 21:15 (background-preinit) org.hibernate.validator.internal.util.Version  HV000001: Hibernate Validator 5.3.5.Final
[INFO ] 2017-05-14 21:15 (main) org.springframework.context.support.PostProcessorRegistrationDelegate$BeanPostProcessorChecker  Bean 'appAsyncConfig' of type [com.express.AppAsyncConfig$$EnhancerBySpringCGLIB$$b5b8af5c] is not eligible for getting processed by all BeanPostProcessors (for example: not eligible for auto-proxying)
[INFO ] 2017-05-14 21:15 (main) org.springframework.scheduling.concurrent.ThreadPoolTaskExecutor  Initializing ExecutorService 
[INFO ] 2017-05-14 21:15 (main) org.springframework.context.support.PostProcessorRegistrationDelegate$BeanPostProcessorChecker  Bean 'org.springframework.transaction.annotation.ProxyTransactionManagementConfiguration' of type [org.springframework.transaction.annotation.ProxyTransactionManagementConfiguration$$EnhancerBySpringCGLIB$$3d2de98f] is not eligible for getting processed by all BeanPostProcessors (for example: not eligible for auto-proxying)
[INFO ] 2017-05-14 21:15 (main) org.xnio  XNIO version 3.3.6.Final
[INFO ] 2017-05-14 21:15 (main) org.xnio.nio  XNIO NIO Implementation Version 3.3.6.Final
[WARN ] 2017-05-14 21:15 (main) io.undertow.websockets.jsr  UT026009: XNIO worker was not set on WebSocketDeploymentInfo, the default worker will be used
[WARN ] 2017-05-14 21:15 (main) io.undertow.websockets.jsr  UT026010: Buffer pool was not set on WebSocketDeploymentInfo, the default pool will be used
[INFO ] 2017-05-14 21:15 (main) io.undertow.servlet  Initializing Spring embedded WebApplicationContext
[INFO ] 2017-05-14 21:15 (main) org.springframework.web.context.ContextLoader  Root WebApplicationContext: initialization completed in 1906 ms
[INFO ] 2017-05-14 21:15 (main) org.springframework.boot.web.servlet.ServletRegistrationBean  Mapping servlet: 'dispatcherServlet' to [/]
[INFO ] 2017-05-14 21:15 (main) org.springframework.boot.web.servlet.FilterRegistrationBean  Mapping filter: 'characterEncodingFilter' to: [/*]
[INFO ] 2017-05-14 21:15 (main) org.springframework.boot.web.servlet.FilterRegistrationBean  Mapping filter: 'hiddenHttpMethodFilter' to: [/*]
[INFO ] 2017-05-14 21:15 (main) org.springframework.boot.web.servlet.FilterRegistrationBean  Mapping filter: 'httpPutFormContentFilter' to: [/*]
[INFO ] 2017-05-14 21:15 (main) org.springframework.boot.web.servlet.FilterRegistrationBean  Mapping filter: 'requestContextFilter' to: [/*]
[INFO ] 2017-05-14 21:15 (main) org.springframework.aop.framework.CglibAopProxy  Final method [public final void org.springframework.jdbc.core.support.JdbcDaoSupport.setDataSource(javax.sql.DataSource)] cannot get proxied via CGLIB: Calls to this method will NOT be routed to the target instance and might lead to NPEs against uninitialized fields in the proxy instance.
[INFO ] 2017-05-14 21:15 (main) org.springframework.aop.framework.CglibAopProxy  Final method [protected final void org.springframework.jdbc.core.support.JdbcDaoSupport.releaseConnection(java.sql.Connection)] cannot get proxied via CGLIB: Calls to this method will NOT be routed to the target instance and might lead to NPEs against uninitialized fields in the proxy instance.
[INFO ] 2017-05-14 21:15 (main) org.springframework.aop.framework.CglibAopProxy  Final method [protected final org.springframework.jdbc.support.SQLExceptionTranslator org.springframework.jdbc.core.support.JdbcDaoSupport.getExceptionTranslator()] cannot get proxied via CGLIB: Calls to this method will NOT be routed to the target instance and might lead to NPEs against uninitialized fields in the proxy instance.
[INFO ] 2017-05-14 21:15 (main) org.springframework.aop.framework.CglibAopProxy  Final method [public final javax.sql.DataSource org.springframework.jdbc.core.support.JdbcDaoSupport.getDataSource()] cannot get proxied via CGLIB: Calls to this method will NOT be routed to the target instance and might lead to NPEs against uninitialized fields in the proxy instance.
[INFO ] 2017-05-14 21:15 (main) org.springframework.aop.framework.CglibAopProxy  Final method [protected final java.sql.Connection org.springframework.jdbc.core.support.JdbcDaoSupport.getConnection() throws org.springframework.jdbc.CannotGetJdbcConnectionException] cannot get proxied via CGLIB: Calls to this method will NOT be routed to the target instance and might lead to NPEs against uninitialized fields in the proxy instance.
[INFO ] 2017-05-14 21:15 (main) org.springframework.aop.framework.CglibAopProxy  Final method [public final void org.springframework.jdbc.core.support.JdbcDaoSupport.setJdbcTemplate(org.springframework.jdbc.core.JdbcTemplate)] cannot get proxied via CGLIB: Calls to this method will NOT be routed to the target instance and might lead to NPEs against uninitialized fields in the proxy instance.
[INFO ] 2017-05-14 21:15 (main) org.springframework.aop.framework.CglibAopProxy  Final method [public final org.springframework.jdbc.core.JdbcTemplate org.springframework.jdbc.core.support.JdbcDaoSupport.getJdbcTemplate()] cannot get proxied via CGLIB: Calls to this method will NOT be routed to the target instance and might lead to NPEs against uninitialized fields in the proxy instance.
[WARN ] 2017-05-14 21:15 (main) org.springframework.aop.framework.CglibAopProxy  Unable to proxy interface-implementing method [public final void org.springframework.dao.support.DaoSupport.afterPropertiesSet() throws java.lang.IllegalArgumentException,org.springframework.beans.factory.BeanInitializationException] because it is marked as final: Consider using interface-based JDK proxies instead!
[INFO ] 2017-05-14 21:15 (main) org.springframework.aop.framework.CglibAopProxy  Final method [public final void org.springframework.dao.support.DaoSupport.afterPropertiesSet() throws java.lang.IllegalArgumentException,org.springframework.beans.factory.BeanInitializationException] cannot get proxied via CGLIB: Calls to this method will NOT be routed to the target instance and might lead to NPEs against uninitialized fields in the proxy instance.
[INFO ] 2017-05-14 21:15 (main) org.springframework.aop.framework.CglibAopProxy  Final method [public final void org.springframework.jdbc.core.support.JdbcDaoSupport.setDataSource(javax.sql.DataSource)] cannot get proxied via CGLIB: Calls to this method will NOT be routed to the target instance and might lead to NPEs against uninitialized fields in the proxy instance.
[INFO ] 2017-05-14 21:15 (main) org.springframework.aop.framework.CglibAopProxy  Final method [protected final void org.springframework.jdbc.core.support.JdbcDaoSupport.releaseConnection(java.sql.Connection)] cannot get proxied via CGLIB: Calls to this method will NOT be routed to the target instance and might lead to NPEs against uninitialized fields in the proxy instance.
[INFO ] 2017-05-14 21:15 (main) org.springframework.aop.framework.CglibAopProxy  Final method [protected final org.springframework.jdbc.support.SQLExceptionTranslator org.springframework.jdbc.core.support.JdbcDaoSupport.getExceptionTranslator()] cannot get proxied via CGLIB: Calls to this method will NOT be routed to the target instance and might lead to NPEs against uninitialized fields in the proxy instance.
[INFO ] 2017-05-14 21:15 (main) org.springframework.aop.framework.CglibAopProxy  Final method [public final javax.sql.DataSource org.springframework.jdbc.core.support.JdbcDaoSupport.getDataSource()] cannot get proxied via CGLIB: Calls to this method will NOT be routed to the target instance and might lead to NPEs against uninitialized fields in the proxy instance.
[INFO ] 2017-05-14 21:15 (main) org.springframework.aop.framework.CglibAopProxy  Final method [protected final java.sql.Connection org.springframework.jdbc.core.support.JdbcDaoSupport.getConnection() throws org.springframework.jdbc.CannotGetJdbcConnectionException] cannot get proxied via CGLIB: Calls to this method will NOT be routed to the target instance and might lead to NPEs against uninitialized fields in the proxy instance.
[INFO ] 2017-05-14 21:15 (main) org.springframework.aop.framework.CglibAopProxy  Final method [public final void org.springframework.jdbc.core.support.JdbcDaoSupport.setJdbcTemplate(org.springframework.jdbc.core.JdbcTemplate)] cannot get proxied via CGLIB: Calls to this method will NOT be routed to the target instance and might lead to NPEs against uninitialized fields in the proxy instance.
[INFO ] 2017-05-14 21:15 (main) org.springframework.aop.framework.CglibAopProxy  Final method [public final org.springframework.jdbc.core.JdbcTemplate org.springframework.jdbc.core.support.JdbcDaoSupport.getJdbcTemplate()] cannot get proxied via CGLIB: Calls to this method will NOT be routed to the target instance and might lead to NPEs against uninitialized fields in the proxy instance.
[WARN ] 2017-05-14 21:15 (main) org.springframework.aop.framework.CglibAopProxy  Unable to proxy interface-implementing method [public final void org.springframework.dao.support.DaoSupport.afterPropertiesSet() throws java.lang.IllegalArgumentException,org.springframework.beans.factory.BeanInitializationException] because it is marked as final: Consider using interface-based JDK proxies instead!
[INFO ] 2017-05-14 21:15 (main) org.springframework.aop.framework.CglibAopProxy  Final method [public final void org.springframework.dao.support.DaoSupport.afterPropertiesSet() throws java.lang.IllegalArgumentException,org.springframework.beans.factory.BeanInitializationException] cannot get proxied via CGLIB: Calls to this method will NOT be routed to the target instance and might lead to NPEs against uninitialized fields in the proxy instance.
[INFO ] 2017-05-14 21:15 (main) org.springframework.aop.framework.CglibAopProxy  Final method [public final void org.springframework.jdbc.core.support.JdbcDaoSupport.setDataSource(javax.sql.DataSource)] cannot get proxied via CGLIB: Calls to this method will NOT be routed to the target instance and might lead to NPEs against uninitialized fields in the proxy instance.
[INFO ] 2017-05-14 21:15 (main) org.springframework.aop.framework.CglibAopProxy  Final method [protected final void org.springframework.jdbc.core.support.JdbcDaoSupport.releaseConnection(java.sql.Connection)] cannot get proxied via CGLIB: Calls to this method will NOT be routed to the target instance and might lead to NPEs against uninitialized fields in the proxy instance.
[INFO ] 2017-05-14 21:15 (main) org.springframework.aop.framework.CglibAopProxy  Final method [protected final org.springframework.jdbc.support.SQLExceptionTranslator org.springframework.jdbc.core.support.JdbcDaoSupport.getExceptionTranslator()] cannot get proxied via CGLIB: Calls to this method will NOT be routed to the target instance and might lead to NPEs against uninitialized fields in the proxy instance.
[INFO ] 2017-05-14 21:15 (main) org.springframework.aop.framework.CglibAopProxy  Final method [public final javax.sql.DataSource org.springframework.jdbc.core.support.JdbcDaoSupport.getDataSource()] cannot get proxied via CGLIB: Calls to this method will NOT be routed to the target instance and might lead to NPEs against uninitialized fields in the proxy instance.
[INFO ] 2017-05-14 21:15 (main) org.springframework.aop.framework.CglibAopProxy  Final method [protected final java.sql.Connection org.springframework.jdbc.core.support.JdbcDaoSupport.getConnection() throws org.springframework.jdbc.CannotGetJdbcConnectionException] cannot get proxied via CGLIB: Calls to this method will NOT be routed to the target instance and might lead to NPEs against uninitialized fields in the proxy instance.
[INFO ] 2017-05-14 21:15 (main) org.springframework.aop.framework.CglibAopProxy  Final method [public final void org.springframework.jdbc.core.support.JdbcDaoSupport.setJdbcTemplate(org.springframework.jdbc.core.JdbcTemplate)] cannot get proxied via CGLIB: Calls to this method will NOT be routed to the target instance and might lead to NPEs against uninitialized fields in the proxy instance.
[INFO ] 2017-05-14 21:15 (main) org.springframework.aop.framework.CglibAopProxy  Final method [public final org.springframework.jdbc.core.JdbcTemplate org.springframework.jdbc.core.support.JdbcDaoSupport.getJdbcTemplate()] cannot get proxied via CGLIB: Calls to this method will NOT be routed to the target instance and might lead to NPEs against uninitialized fields in the proxy instance.
[WARN ] 2017-05-14 21:15 (main) org.springframework.aop.framework.CglibAopProxy  Unable to proxy interface-implementing method [public final void org.springframework.dao.support.DaoSupport.afterPropertiesSet() throws java.lang.IllegalArgumentException,org.springframework.beans.factory.BeanInitializationException] because it is marked as final: Consider using interface-based JDK proxies instead!
[INFO ] 2017-05-14 21:15 (main) org.springframework.aop.framework.CglibAopProxy  Final method [public final void org.springframework.dao.support.DaoSupport.afterPropertiesSet() throws java.lang.IllegalArgumentException,org.springframework.beans.factory.BeanInitializationException] cannot get proxied via CGLIB: Calls to this method will NOT be routed to the target instance and might lead to NPEs against uninitialized fields in the proxy instance.
[INFO ] 2017-05-14 21:15 (main) org.springframework.aop.framework.CglibAopProxy  Final method [public final void org.springframework.jdbc.core.support.JdbcDaoSupport.setDataSource(javax.sql.DataSource)] cannot get proxied via CGLIB: Calls to this method will NOT be routed to the target instance and might lead to NPEs against uninitialized fields in the proxy instance.
[INFO ] 2017-05-14 21:15 (main) org.springframework.aop.framework.CglibAopProxy  Final method [protected final void org.springframework.jdbc.core.support.JdbcDaoSupport.releaseConnection(java.sql.Connection)] cannot get proxied via CGLIB: Calls to this method will NOT be routed to the target instance and might lead to NPEs against uninitialized fields in the proxy instance.
[INFO ] 2017-05-14 21:15 (main) org.springframework.aop.framework.CglibAopProxy  Final method [protected final org.springframework.jdbc.support.SQLExceptionTranslator org.springframework.jdbc.core.support.JdbcDaoSupport.getExceptionTranslator()] cannot get proxied via CGLIB: Calls to this method will NOT be routed to the target instance and might lead to NPEs against uninitialized fields in the proxy instance.
[INFO ] 2017-05-14 21:15 (main) org.springframework.aop.framework.CglibAopProxy  Final method [public final javax.sql.DataSource org.springframework.jdbc.core.support.JdbcDaoSupport.getDataSource()] cannot get proxied via CGLIB: Calls to this method will NOT be routed to the target instance and might lead to NPEs against uninitialized fields in the proxy instance.
[INFO ] 2017-05-14 21:15 (main) org.springframework.aop.framework.CglibAopProxy  Final method [protected final java.sql.Connection org.springframework.jdbc.core.support.JdbcDaoSupport.getConnection() throws org.springframework.jdbc.CannotGetJdbcConnectionException] cannot get proxied via CGLIB: Calls to this method will NOT be routed to the target instance and might lead to NPEs against uninitialized fields in the proxy instance.
[INFO ] 2017-05-14 21:15 (main) org.springframework.aop.framework.CglibAopProxy  Final method [public final void org.springframework.jdbc.core.support.JdbcDaoSupport.setJdbcTemplate(org.springframework.jdbc.core.JdbcTemplate)] cannot get proxied via CGLIB: Calls to this method will NOT be routed to the target instance and might lead to NPEs against uninitialized fields in the proxy instance.
[INFO ] 2017-05-14 21:15 (main) org.springframework.aop.framework.CglibAopProxy  Final method [public final org.springframework.jdbc.core.JdbcTemplate org.springframework.jdbc.core.support.JdbcDaoSupport.getJdbcTemplate()] cannot get proxied via CGLIB: Calls to this method will NOT be routed to the target instance and might lead to NPEs against uninitialized fields in the proxy instance.
[WARN ] 2017-05-14 21:15 (main) org.springframework.aop.framework.CglibAopProxy  Unable to proxy interface-implementing method [public final void org.springframework.dao.support.DaoSupport.afterPropertiesSet() throws java.lang.IllegalArgumentException,org.springframework.beans.factory.BeanInitializationException] because it is marked as final: Consider using interface-based JDK proxies instead!
[INFO ] 2017-05-14 21:15 (main) org.springframework.aop.framework.CglibAopProxy  Final method [public final void org.springframework.dao.support.DaoSupport.afterPropertiesSet() throws java.lang.IllegalArgumentException,org.springframework.beans.factory.BeanInitializationException] cannot get proxied via CGLIB: Calls to this method will NOT be routed to the target instance and might lead to NPEs against uninitialized fields in the proxy instance.
[INFO ] 2017-05-14 21:15 (main) net.bramp.ffmpeg.RunProcessFunction  ffmpeg -version
[WARN ] 2017-05-14 21:15 (main) org.springframework.boot.context.embedded.AnnotationConfigEmbeddedWebApplicationContext  Exception encountered during context initialization - cancelling refresh attempt: org.springframework.beans.factory.UnsatisfiedDependencyException: Error creating bean with name 'uploadController': Unsatisfied dependency expressed through field 'uploadService'; nested exception is org.springframework.beans.factory.UnsatisfiedDependencyException: Error creating bean with name 'uploadServiceImpl': Unsatisfied dependency expressed through field 'ffmpegService'; nested exception is org.springframework.beans.factory.UnsatisfiedDependencyException: Error creating bean with name 'FFMpegServiceImpl': Unsatisfied dependency expressed through field 'ffmpegExecutor'; nested exception is org.springframework.beans.factory.BeanCreationException: Error creating bean with name 'ffmpegExecutor' defined in com.express.Application: Bean instantiation via factory method failed; nested exception is org.springframework.beans.BeanInstantiationException: Failed to instantiate [net.bramp.ffmpeg.FFmpegExecutor]: Factory method 'ffmpegExecutor' threw exception; nested exception is org.springframework.beans.factory.BeanCreationException: Error creating bean with name 'ffmpeg' defined in com.express.Application: Bean instantiation via factory method failed; nested exception is org.springframework.beans.BeanInstantiationException: Failed to instantiate [net.bramp.ffmpeg.FFmpeg]: Factory method 'ffmpeg' threw exception; nested exception is java.io.IOException: Cannot run program "ffmpeg": CreateProcess error=2, The system cannot find the file specified
[INFO ] 2017-05-14 21:15 (main) org.springframework.boot.autoconfigure.logging.AutoConfigurationReportLoggingInitializer  

Error starting ApplicationContext. To display the auto-configuration report re-run your application with 'debug' enabled.
[ERROR] 2017-05-14 21:15 (main) org.springframework.boot.SpringApplication  Application startup failed
org.springframework.beans.factory.UnsatisfiedDependencyException: Error creating bean with name 'uploadController': Unsatisfied dependency expressed through field 'uploadService'; nested exception is org.springframework.beans.factory.UnsatisfiedDependencyException: Error creating bean with name 'uploadServiceImpl': Unsatisfied dependency expressed through field 'ffmpegService'; nested exception is org.springframework.beans.factory.UnsatisfiedDependencyException: Error creating bean with name 'FFMpegServiceImpl': Unsatisfied dependency expressed through field 'ffmpegExecutor'; nested exception is org.springframework.beans.factory.BeanCreationException: Error creating bean with name 'ffmpegExecutor' defined in com.express.Application: Bean instantiation via factory method failed; nested exception is org.springframework.beans.BeanInstantiationException: Failed to instantiate [net.bramp.ffmpeg.FFmpegExecutor]: Factory method 'ffmpegExecutor' threw exception; nested exception is org.springframework.beans.factory.BeanCreationException: Error creating bean with name 'ffmpeg' defined in com.express.Application: Bean instantiation via factory method failed; nested exception is org.springframework.beans.BeanInstantiationException: Failed to instantiate [net.bramp.ffmpeg.FFmpeg]: Factory method 'ffmpeg' threw exception; nested exception is java.io.IOException: Cannot run program "ffmpeg": CreateProcess error=2, The system cannot find the file specified
	at org.springframework.beans.factory.annotation.AutowiredAnnotationBeanPostProcessor$AutowiredFieldElement.inject(AutowiredAnnotationBeanPostProcessor.java:588) ~[spring-beans-4.3.8.RELEASE.jar!/:4.3.8.RELEASE]
	at org.springframework.beans.factory.annotation.InjectionMetadata.inject(InjectionMetadata.java:88) ~[spring-beans-4.3.8.RELEASE.jar!/:4.3.8.RELEASE]
	at org.springframework.beans.factory.annotation.AutowiredAnnotationBeanPostProcessor.postProcessPropertyValues(AutowiredAnnotationBeanPostProcessor.java:366) ~[spring-beans-4.3.8.RELEASE.jar!/:4.3.8.RELEASE]
	at org.springframework.beans.factory.support.AbstractAutowireCapableBeanFactory.populateBean(AbstractAutowireCapableBeanFactory.java:1264) ~[spring-beans-4.3.8.RELEASE.jar!/:4.3.8.RELEASE]
	at org.springframework.beans.factory.support.AbstractAutowireCapableBeanFactory.doCreateBean(AbstractAutowireCapableBeanFactory.java:553) ~[spring-beans-4.3.8.RELEASE.jar!/:4.3.8.RELEASE]
	at org.springframework.beans.factory.support.AbstractAutowireCapableBeanFactory.createBean(AbstractAutowireCapableBeanFactory.java:483) ~[spring-beans-4.3.8.RELEASE.jar!/:4.3.8.RELEASE]
	at org.springframework.beans.factory.support.AbstractBeanFactory$1.getObject(AbstractBeanFactory.java:306) ~[spring-beans-4.3.8.RELEASE.jar!/:4.3.8.RELEASE]
	at org.springframework.beans.factory.support.DefaultSingletonBeanRegistry.getSingleton(DefaultSingletonBeanRegistry.java:230) ~[spring-beans-4.3.8.RELEASE.jar!/:4.3.8.RELEASE]
	at org.springframework.beans.factory.support.AbstractBeanFactory.doGetBean(AbstractBeanFactory.java:302) ~[spring-beans-4.3.8.RELEASE.jar!/:4.3.8.RELEASE]
	at org.springframework.beans.factory.support.AbstractBeanFactory.getBean(AbstractBeanFactory.java:197) ~[spring-beans-4.3.8.RELEASE.jar!/:4.3.8.RELEASE]
	at org.springframework.beans.factory.support.DefaultListableBeanFactory.preInstantiateSingletons(DefaultListableBeanFactory.java:761) ~[spring-beans-4.3.8.RELEASE.jar!/:4.3.8.RELEASE]
	at org.springframework.context.support.AbstractApplicationContext.finishBeanFactoryInitialization(AbstractApplicationContext.java:866) ~[spring-context-4.3.8.RELEASE.jar!/:4.3.8.RELEASE]
	at org.springframework.context.support.AbstractApplicationContext.refresh(AbstractApplicationContext.java:542) ~[spring-context-4.3.8.RELEASE.jar!/:4.3.8.RELEASE]
	at org.springframework.boot.context.embedded.EmbeddedWebApplicationContext.refresh(EmbeddedWebApplicationContext.java:122) ~[spring-boot-1.5.3.RELEASE.jar!/:1.5.3.RELEASE]
	at org.springframework.boot.SpringApplication.refresh(SpringApplication.java:737) [spring-boot-1.5.3.RELEASE.jar!/:1.5.3.RELEASE]
	at org.springframework.boot.SpringApplication.refreshContext(SpringApplication.java:370) [spring-boot-1.5.3.RELEASE.jar!/:1.5.3.RELEASE]
	at org.springframework.boot.SpringApplication.run(SpringApplication.java:314) [spring-boot-1.5.3.RELEASE.jar!/:1.5.3.RELEASE]
	at org.springframework.boot.SpringApplication.run(SpringApplication.java:1162) [spring-boot-1.5.3.RELEASE.jar!/:1.5.3.RELEASE]
	at org.springframework.boot.SpringApplication.run(SpringApplication.java:1151) [spring-boot-1.5.3.RELEASE.jar!/:1.5.3.RELEASE]
	at com.express.Application.main(Application.java:39) [classes!/:0.1.0]
	at sun.reflect.NativeMethodAccessorImpl.invoke0(Native Method) ~[?:1.8.0_112]
	at sun.reflect.NativeMethodAccessorImpl.invoke(Unknown Source) ~[?:1.8.0_112]
	at sun.reflect.DelegatingMethodAccessorImpl.invoke(Unknown Source) ~[?:1.8.0_112]
	at java.lang.reflect.Method.invoke(Unknown Source) ~[?:1.8.0_112]
	at org.springframework.boot.loader.MainMethodRunner.run(MainMethodRunner.java:48) [ExpressRightServer-0.1.0.jar:0.1.0]
	at org.springframework.boot.loader.Launcher.launch(Launcher.java:87) [ExpressRightServer-0.1.0.jar:0.1.0]
	at org.springframework.boot.loader.Launcher.launch(Launcher.java:50) [ExpressRightServer-0.1.0.jar:0.1.0]
	at org.springframework.boot.loader.JarLauncher.main(JarLauncher.java:51) [ExpressRightServer-0.1.0.jar:0.1.0]
Caused by: org.springframework.beans.factory.UnsatisfiedDependencyException: Error creating bean with name 'uploadServiceImpl': Unsatisfied dependency expressed through field 'ffmpegService'; nested exception is org.springframework.beans.factory.UnsatisfiedDependencyException: Error creating bean with name 'FFMpegServiceImpl': Unsatisfied dependency expressed through field 'ffmpegExecutor'; nested exception is org.springframework.beans.factory.BeanCreationException: Error creating bean with name 'ffmpegExecutor' defined in com.express.Application: Bean instantiation via factory method failed; nested exception is org.springframework.beans.BeanInstantiationException: Failed to instantiate [net.bramp.ffmpeg.FFmpegExecutor]: Factory method 'ffmpegExecutor' threw exception; nested exception is org.springframework.beans.factory.BeanCreationException: Error creating bean with name 'ffmpeg' defined in com.express.Application: Bean instantiation via factory method failed; nested exception is org.springframework.beans.BeanInstantiationException: Failed to instantiate [net.bramp.ffmpeg.FFmpeg]: Factory method 'ffmpeg' threw exception; nested exception is java.io.IOException: Cannot run program "ffmpeg": CreateProcess error=2, The system cannot find the file specified
	at org.springframework.beans.factory.annotation.AutowiredAnnotationBeanPostProcessor$AutowiredFieldElement.inject(AutowiredAnnotationBeanPostProcessor.java:588) ~[spring-beans-4.3.8.RELEASE.jar!/:4.3.8.RELEASE]
	at org.springframework.beans.factory.annotation.InjectionMetadata.inject(InjectionMetadata.java:88) ~[spring-beans-4.3.8.RELEASE.jar!/:4.3.8.RELEASE]
	at org.springframework.beans.factory.annotation.AutowiredAnnotationBeanPostProcessor.postProcessPropertyValues(AutowiredAnnotationBeanPostProcessor.java:366) ~[spring-beans-4.3.8.RELEASE.jar!/:4.3.8.RELEASE]
	at org.springframework.beans.factory.support.AbstractAutowireCapableBeanFactory.populateBean(AbstractAutowireCapableBeanFactory.java:1264) ~[spring-beans-4.3.8.RELEASE.jar!/:4.3.8.RELEASE]
	at org.springframework.beans.factory.support.AbstractAutowireCapableBeanFactory.doCreateBean(AbstractAutowireCapableBeanFactory.java:553) ~[spring-beans-4.3.8.RELEASE.jar!/:4.3.8.RELEASE]
	at org.springframework.beans.factory.support.AbstractAutowireCapableBeanFactory.createBean(AbstractAutowireCapableBeanFactory.java:483) ~[spring-beans-4.3.8.RELEASE.jar!/:4.3.8.RELEASE]
	at org.springframework.beans.factory.support.AbstractBeanFactory$1.getObject(AbstractBeanFactory.java:306) ~[spring-beans-4.3.8.RELEASE.jar!/:4.3.8.RELEASE]
	at org.springframework.beans.factory.support.DefaultSingletonBeanRegistry.getSingleton(DefaultSingletonBeanRegistry.java:230) ~[spring-beans-4.3.8.RELEASE.jar!/:4.3.8.RELEASE]
	at org.springframework.beans.factory.support.AbstractBeanFactory.doGetBean(AbstractBeanFactory.java:302) ~[spring-beans-4.3.8.RELEASE.jar!/:4.3.8.RELEASE]
	at org.springframework.beans.factory.support.AbstractBeanFactory.getBean(AbstractBeanFactory.java:202) ~[spring-beans-4.3.8.RELEASE.jar!/:4.3.8.RELEASE]
	at org.springframework.beans.factory.config.DependencyDescriptor.resolveCandidate(DependencyDescriptor.java:208) ~[spring-beans-4.3.8.RELEASE.jar!/:4.3.8.RELEASE]
	at org.springframework.beans.factory.support.DefaultListableBeanFactory.doResolveDependency(DefaultListableBeanFactory.java:1138) ~[spring-beans-4.3.8.RELEASE.jar!/:4.3.8.RELEASE]
	at org.springframework.beans.factory.support.DefaultListableBeanFactory.resolveDependency(DefaultListableBeanFactory.java:1066) ~[spring-beans-4.3.8.RELEASE.jar!/:4.3.8.RELEASE]
	at org.springframework.beans.factory.annotation.AutowiredAnnotationBeanPostProcessor$AutowiredFieldElement.inject(AutowiredAnnotationBeanPostProcessor.java:585) ~[spring-beans-4.3.8.RELEASE.jar!/:4.3.8.RELEASE]
	... 27 more
Caused by: org.springframework.beans.factory.UnsatisfiedDependencyException: Error creating bean with name 'FFMpegServiceImpl': Unsatisfied dependency expressed through field 'ffmpegExecutor'; nested exception is org.springframework.beans.factory.BeanCreationException: Error creating bean with name 'ffmpegExecutor' defined in com.express.Application: Bean instantiation via factory method failed; nested exception is org.springframework.beans.BeanInstantiationException: Failed to instantiate [net.bramp.ffmpeg.FFmpegExecutor]: Factory method 'ffmpegExecutor' threw exception; nested exception is org.springframework.beans.factory.BeanCreationException: Error creating bean with name 'ffmpeg' defined in com.express.Application: Bean instantiation via factory method failed; nested exception is org.springframework.beans.BeanInstantiationException: Failed to instantiate [net.bramp.ffmpeg.FFmpeg]: Factory method 'ffmpeg' threw exception; nested exception is java.io.IOException: Cannot run program "ffmpeg": CreateProcess error=2, The system cannot find the file specified
	at org.springframework.beans.factory.annotation.AutowiredAnnotationBeanPostProcessor$AutowiredFieldElement.inject(AutowiredAnnotationBeanPostProcessor.java:588) ~[spring-beans-4.3.8.RELEASE.jar!/:4.3.8.RELEASE]
	at org.springframework.beans.factory.annotation.InjectionMetadata.inject(InjectionMetadata.java:88) ~[spring-beans-4.3.8.RELEASE.jar!/:4.3.8.RELEASE]
	at org.springframework.beans.factory.annotation.AutowiredAnnotationBeanPostProcessor.postProcessPropertyValues(AutowiredAnnotationBeanPostProcessor.java:366) ~[spring-beans-4.3.8.RELEASE.jar!/:4.3.8.RELEASE]
	at org.springframework.beans.factory.support.AbstractAutowireCapableBeanFactory.populateBean(AbstractAutowireCapableBeanFactory.java:1264) ~[spring-beans-4.3.8.RELEASE.jar!/:4.3.8.RELEASE]
	at org.springframework.beans.factory.support.AbstractAutowireCapableBeanFactory.doCreateBean(AbstractAutowireCapableBeanFactory.java:553) ~[spring-beans-4.3.8.RELEASE.jar!/:4.3.8.RELEASE]
	at org.springframework.beans.factory.support.AbstractAutowireCapableBeanFactory.createBean(AbstractAutowireCapableBeanFactory.java:483) ~[spring-beans-4.3.8.RELEASE.jar!/:4.3.8.RELEASE]
	at org.springframework.beans.factory.support.AbstractBeanFactory$1.getObject(AbstractBeanFactory.java:306) ~[spring-beans-4.3.8.RELEASE.jar!/:4.3.8.RELEASE]
	at org.springframework.beans.factory.support.DefaultSingletonBeanRegistry.getSingleton(DefaultSingletonBeanRegistry.java:230) ~[spring-beans-4.3.8.RELEASE.jar!/:4.3.8.RELEASE]
	at org.springframework.beans.factory.support.AbstractBeanFactory.doGetBean(AbstractBeanFactory.java:302) ~[spring-beans-4.3.8.RELEASE.jar!/:4.3.8.RELEASE]
	at org.springframework.beans.factory.support.AbstractBeanFactory.getBean(AbstractBeanFactory.java:202) ~[spring-beans-4.3.8.RELEASE.jar!/:4.3.8.RELEASE]
	at org.springframework.beans.factory.config.DependencyDescriptor.resolveCandidate(DependencyDescriptor.java:208) ~[spring-beans-4.3.8.RELEASE.jar!/:4.3.8.RELEASE]
	at org.springframework.beans.factory.support.DefaultListableBeanFactory.doResolveDependency(DefaultListableBeanFactory.java:1138) ~[spring-beans-4.3.8.RELEASE.jar!/:4.3.8.RELEASE]
	at org.springframework.beans.factory.support.DefaultListableBeanFactory.resolveDependency(DefaultListableBeanFactory.java:1066) ~[spring-beans-4.3.8.RELEASE.jar!/:4.3.8.RELEASE]
	at org.springframework.beans.factory.annotation.AutowiredAnnotationBeanPostProcessor$AutowiredFieldElement.inject(AutowiredAnnotationBeanPostProcessor.java:585) ~[spring-beans-4.3.8.RELEASE.jar!/:4.3.8.RELEASE]
	at org.springframework.beans.factory.annotation.InjectionMetadata.inject(InjectionMetadata.java:88) ~[spring-beans-4.3.8.RELEASE.jar!/:4.3.8.RELEASE]
	at org.springframework.beans.factory.annotation.AutowiredAnnotationBeanPostProcessor.postProcessPropertyValues(AutowiredAnnotationBeanPostProcessor.java:366) ~[spring-beans-4.3.8.RELEASE.jar!/:4.3.8.RELEASE]
	at org.springframework.beans.factory.support.AbstractAutowireCapableBeanFactory.populateBean(AbstractAutowireCapableBeanFactory.java:1264) ~[spring-beans-4.3.8.RELEASE.jar!/:4.3.8.RELEASE]
	at org.springframework.beans.factory.support.AbstractAutowireCapableBeanFactory.doCreateBean(AbstractAutowireCapableBeanFactory.java:553) ~[spring-beans-4.3.8.RELEASE.jar!/:4.3.8.RELEASE]
	at org.springframework.beans.factory.support.AbstractAutowireCapableBeanFactory.createBean(AbstractAutowireCapableBeanFactory.java:483) ~[spring-beans-4.3.8.RELEASE.jar!/:4.3.8.RELEASE]
	at org.springframework.beans.factory.support.AbstractBeanFactory$1.getObject(AbstractBeanFactory.java:306) ~[spring-beans-4.3.8.RELEASE.jar!/:4.3.8.RELEASE]
	at org.springframework.beans.factory.support.DefaultSingletonBeanRegistry.getSingleton(DefaultSingletonBeanRegistry.java:230) ~[spring-beans-4.3.8.RELEASE.jar!/:4.3.8.RELEASE]
	at org.springframework.beans.factory.support.AbstractBeanFactory.doGetBean(AbstractBeanFactory.java:302) ~[spring-beans-4.3.8.RELEASE.jar!/:4.3.8.RELEASE]
	at org.springframework.beans.factory.support.AbstractBeanFactory.getBean(AbstractBeanFactory.java:202) ~[spring-beans-4.3.8.RELEASE.jar!/:4.3.8.RELEASE]
	at org.springframework.beans.factory.config.DependencyDescriptor.resolveCandidate(DependencyDescriptor.java:208) ~[spring-beans-4.3.8.RELEASE.jar!/:4.3.8.RELEASE]
	at org.springframework.beans.factory.support.DefaultListableBeanFactory.doResolveDependency(DefaultListableBeanFactory.java:1138) ~[spring-beans-4.3.8.RELEASE.jar!/:4.3.8.RELEASE]
	at org.springframework.beans.factory.support.DefaultListableBeanFactory.resolveDependency(DefaultListableBeanFactory.java:1066) ~[spring-beans-4.3.8.RELEASE.jar!/:4.3.8.RELEASE]
	at org.springframework.beans.factory.annotation.AutowiredAnnotationBeanPostProcessor$AutowiredFieldElement.inject(AutowiredAnnotationBeanPostProcessor.java:585) ~[spring-beans-4.3.8.RELEASE.jar!/:4.3.8.RELEASE]
	... 27 more
Caused by: org.springframework.beans.factory.BeanCreationException: Error creating bean with name 'ffmpegExecutor' defined in com.express.Application: Bean instantiation via factory method failed; nested exception is org.springframework.beans.BeanInstantiationException: Failed to instantiate [net.bramp.ffmpeg.FFmpegExecutor]: Factory method 'ffmpegExecutor' threw exception; nested exception is org.springframework.beans.factory.BeanCreationException: Error creating bean with name 'ffmpeg' defined in com.express.Application: Bean instantiation via factory method failed; nested exception is org.springframework.beans.BeanInstantiationException: Failed to instantiate [net.bramp.ffmpeg.FFmpeg]: Factory method 'ffmpeg' threw exception; nested exception is java.io.IOException: Cannot run program "ffmpeg": CreateProcess error=2, The system cannot find the file specified
	at org.springframework.beans.factory.support.ConstructorResolver.instantiateUsingFactoryMethod(ConstructorResolver.java:599) ~[spring-beans-4.3.8.RELEASE.jar!/:4.3.8.RELEASE]
	at org.springframework.beans.factory.support.AbstractAutowireCapableBeanFactory.instantiateUsingFactoryMethod(AbstractAutowireCapableBeanFactory.java:1173) ~[spring-beans-4.3.8.RELEASE.jar!/:4.3.8.RELEASE]
	at org.springframework.beans.factory.support.AbstractAutowireCapableBeanFactory.createBeanInstance(AbstractAutowireCapableBeanFactory.java:1067) ~[spring-beans-4.3.8.RELEASE.jar!/:4.3.8.RELEASE]
	at org.springframework.beans.factory.support.AbstractAutowireCapableBeanFactory.doCreateBean(AbstractAutowireCapableBeanFactory.java:513) ~[spring-beans-4.3.8.RELEASE.jar!/:4.3.8.RELEASE]
	at org.springframework.beans.factory.support.AbstractAutowireCapableBeanFactory.createBean(AbstractAutowireCapableBeanFactory.java:483) ~[spring-beans-4.3.8.RELEASE.jar!/:4.3.8.RELEASE]
	at org.springframework.beans.factory.support.AbstractBeanFactory$1.getObject(AbstractBeanFactory.java:306) ~[spring-beans-4.3.8.RELEASE.jar!/:4.3.8.RELEASE]
	at org.springframework.beans.factory.support.DefaultSingletonBeanRegistry.getSingleton(DefaultSingletonBeanRegistry.java:230) ~[spring-beans-4.3.8.RELEASE.jar!/:4.3.8.RELEASE]
	at org.springframework.beans.factory.support.AbstractBeanFactory.doGetBean(AbstractBeanFactory.java:302) ~[spring-beans-4.3.8.RELEASE.jar!/:4.3.8.RELEASE]
	at org.springframework.beans.factory.support.AbstractBeanFactory.getBean(AbstractBeanFactory.java:202) ~[spring-beans-4.3.8.RELEASE.jar!/:4.3.8.RELEASE]
	at org.springframework.beans.factory.config.DependencyDescriptor.resolveCandidate(DependencyDescriptor.java:208) ~[spring-beans-4.3.8.RELEASE.jar!/:4.3.8.RELEASE]
	at org.springframework.beans.factory.support.DefaultListableBeanFactory.doResolveDependency(DefaultListableBeanFactory.java:1138) ~[spring-beans-4.3.8.RELEASE.jar!/:4.3.8.RELEASE]
	at org.springframework.beans.factory.support.DefaultListableBeanFactory.resolveDependency(DefaultListableBeanFactory.java:1066) ~[spring-beans-4.3.8.RELEASE.jar!/:4.3.8.RELEASE]
	at org.springframework.beans.factory.annotation.AutowiredAnnotationBeanPostProcessor$AutowiredFieldElement.inject(AutowiredAnnotationBeanPostProcessor.java:585) ~[spring-beans-4.3.8.RELEASE.jar!/:4.3.8.RELEASE]
	at org.springframework.beans.factory.annotation.InjectionMetadata.inject(InjectionMetadata.java:88) ~[spring-beans-4.3.8.RELEASE.jar!/:4.3.8.RELEASE]
	at org.springframework.beans.factory.annotation.AutowiredAnnotationBeanPostProcessor.postProcessPropertyValues(AutowiredAnnotationBeanPostProcessor.java:366) ~[spring-beans-4.3.8.RELEASE.jar!/:4.3.8.RELEASE]
	at org.springframework.beans.factory.support.AbstractAutowireCapableBeanFactory.populateBean(AbstractAutowireCapableBeanFactory.java:1264) ~[spring-beans-4.3.8.RELEASE.jar!/:4.3.8.RELEASE]
	at org.springframework.beans.factory.support.AbstractAutowireCapableBeanFactory.doCreateBean(AbstractAutowireCapableBeanFactory.java:553) ~[spring-beans-4.3.8.RELEASE.jar!/:4.3.8.RELEASE]
	at org.springframework.beans.factory.support.AbstractAutowireCapableBeanFactory.createBean(AbstractAutowireCapableBeanFactory.java:483) ~[spring-beans-4.3.8.RELEASE.jar!/:4.3.8.RELEASE]
	at org.springframework.beans.factory.support.AbstractBeanFactory$1.getObject(AbstractBeanFactory.java:306) ~[spring-beans-4.3.8.RELEASE.jar!/:4.3.8.RELEASE]
	at org.springframework.beans.factory.support.DefaultSingletonBeanRegistry.getSingleton(DefaultSingletonBeanRegistry.java:230) ~[spring-beans-4.3.8.RELEASE.jar!/:4.3.8.RELEASE]
	at org.springframework.beans.factory.support.AbstractBeanFactory.doGetBean(AbstractBeanFactory.java:302) ~[spring-beans-4.3.8.RELEASE.jar!/:4.3.8.RELEASE]
	at org.springframework.beans.factory.support.AbstractBeanFactory.getBean(AbstractBeanFactory.java:202) ~[spring-beans-4.3.8.RELEASE.jar!/:4.3.8.RELEASE]
	at org.springframework.beans.factory.config.DependencyDescriptor.resolveCandidate(DependencyDescriptor.java:208) ~[spring-beans-4.3.8.RELEASE.jar!/:4.3.8.RELEASE]
	at org.springframework.beans.factory.support.DefaultListableBeanFactory.doResolveDependency(DefaultListableBeanFactory.java:1138) ~[spring-beans-4.3.8.RELEASE.jar!/:4.3.8.RELEASE]
	at org.springframework.beans.factory.support.DefaultListableBeanFactory.resolveDependency(DefaultListableBeanFactory.java:1066) ~[spring-beans-4.3.8.RELEASE.jar!/:4.3.8.RELEASE]
	at org.springframework.beans.factory.annotation.AutowiredAnnotationBeanPostProcessor$AutowiredFieldElement.inject(AutowiredAnnotationBeanPostProcessor.java:585) ~[spring-beans-4.3.8.RELEASE.jar!/:4.3.8.RELEASE]
	at org.springframework.beans.factory.annotation.InjectionMetadata.inject(InjectionMetadata.java:88) ~[spring-beans-4.3.8.RELEASE.jar!/:4.3.8.RELEASE]
	at org.springframework.beans.factory.annotation.AutowiredAnnotationBeanPostProcessor.postProcessPropertyValues(AutowiredAnnotationBeanPostProcessor.java:366) ~[spring-beans-4.3.8.RELEASE.jar!/:4.3.8.RELEASE]
	at org.springframework.beans.factory.support.AbstractAutowireCapableBeanFactory.populateBean(AbstractAutowireCapableBeanFactory.java:1264) ~[spring-beans-4.3.8.RELEASE.jar!/:4.3.8.RELEASE]
	at org.springframework.beans.factory.support.AbstractAutowireCapableBeanFactory.doCreateBean(AbstractAutowireCapableBeanFactory.java:553) ~[spring-beans-4.3.8.RELEASE.jar!/:4.3.8.RELEASE]
	at org.springframework.beans.factory.support.AbstractAutowireCapableBeanFactory.createBean(AbstractAutowireCapableBeanFactory.java:483) ~[spring-beans-4.3.8.RELEASE.jar!/:4.3.8.RELEASE]
	at org.springframework.beans.factory.support.AbstractBeanFactory$1.getObject(AbstractBeanFactory.java:306) ~[spring-beans-4.3.8.RELEASE.jar!/:4.3.8.RELEASE]
	at org.springframework.beans.factory.support.DefaultSingletonBeanRegistry.getSingleton(DefaultSingletonBeanRegistry.java:230) ~[spring-beans-4.3.8.RELEASE.jar!/:4.3.8.RELEASE]
	at org.springframework.beans.factory.support.AbstractBeanFactory.doGetBean(AbstractBeanFactory.java:302) ~[spring-beans-4.3.8.RELEASE.jar!/:4.3.8.RELEASE]
	at org.springframework.beans.factory.support.AbstractBeanFactory.getBean(AbstractBeanFactory.java:202) ~[spring-beans-4.3.8.RELEASE.jar!/:4.3.8.RELEASE]
	at org.springframework.beans.factory.config.DependencyDescriptor.resolveCandidate(DependencyDescriptor.java:208) ~[spring-beans-4.3.8.RELEASE.jar!/:4.3.8.RELEASE]
	at org.springframework.beans.factory.support.DefaultListableBeanFactory.doResolveDependency(DefaultListableBeanFactory.java:1138) ~[spring-beans-4.3.8.RELEASE.jar!/:4.3.8.RELEASE]
	at org.springframework.beans.factory.support.DefaultListableBeanFactory.resolveDependency(DefaultListableBeanFactory.java:1066) ~[spring-beans-4.3.8.RELEASE.jar!/:4.3.8.RELEASE]
	at org.springframework.beans.factory.annotation.AutowiredAnnotationBeanPostProcessor$AutowiredFieldElement.inject(AutowiredAnnotationBeanPostProcessor.java:585) ~[spring-beans-4.3.8.RELEASE.jar!/:4.3.8.RELEASE]
	... 27 more
Caused by: org.springframework.beans.BeanInstantiationException: Failed to instantiate [net.bramp.ffmpeg.FFmpegExecutor]: Factory method 'ffmpegExecutor' threw exception; nested exception is org.springframework.beans.factory.BeanCreationException: Error creating bean with name 'ffmpeg' defined in com.express.Application: Bean instantiation via factory method failed; nested exception is org.springframework.beans.BeanInstantiationException: Failed to instantiate [net.bramp.ffmpeg.FFmpeg]: Factory method 'ffmpeg' threw exception; nested exception is java.io.IOException: Cannot run program "ffmpeg": CreateProcess error=2, The system cannot find the file specified
	at org.springframework.beans.factory.support.SimpleInstantiationStrategy.instantiate(SimpleInstantiationStrategy.java:189) ~[spring-beans-4.3.8.RELEASE.jar!/:4.3.8.RELEASE]
	at org.springframework.beans.factory.support.ConstructorResolver.instantiateUsingFactoryMethod(ConstructorResolver.java:588) ~[spring-beans-4.3.8.RELEASE.jar!/:4.3.8.RELEASE]
	at org.springframework.beans.factory.support.AbstractAutowireCapableBeanFactory.instantiateUsingFactoryMethod(AbstractAutowireCapableBeanFactory.java:1173) ~[spring-beans-4.3.8.RELEASE.jar!/:4.3.8.RELEASE]
	at org.springframework.beans.factory.support.AbstractAutowireCapableBeanFactory.createBeanInstance(AbstractAutowireCapableBeanFactory.java:1067) ~[spring-beans-4.3.8.RELEASE.jar!/:4.3.8.RELEASE]
	at org.springframework.beans.factory.support.AbstractAutowireCapableBeanFactory.doCreateBean(AbstractAutowireCapableBeanFactory.java:513) ~[spring-beans-4.3.8.RELEASE.jar!/:4.3.8.RELEASE]
	at org.springframework.beans.factory.support.AbstractAutowireCapableBeanFactory.createBean(AbstractAutowireCapableBeanFactory.java:483) ~[spring-beans-4.3.8.RELEASE.jar!/:4.3.8.RELEASE]
	at org.springframework.beans.factory.support.AbstractBeanFactory$1.getObject(AbstractBeanFactory.java:306) ~[spring-beans-4.3.8.RELEASE.jar!/:4.3.8.RELEASE]
	at org.springframework.beans.factory.support.DefaultSingletonBeanRegistry.getSingleton(DefaultSingletonBeanRegistry.java:230) ~[spring-beans-4.3.8.RELEASE.jar!/:4.3.8.RELEASE]
	at org.springframework.beans.factory.support.AbstractBeanFactory.doGetBean(AbstractBeanFactory.java:302) ~[spring-beans-4.3.8.RELEASE.jar!/:4.3.8.RELEASE]
	at org.springframework.beans.factory.support.AbstractBeanFactory.getBean(AbstractBeanFactory.java:202) ~[spring-beans-4.3.8.RELEASE.jar!/:4.3.8.RELEASE]
	at org.springframework.beans.factory.config.DependencyDescriptor.resolveCandidate(DependencyDescriptor.java:208) ~[spring-beans-4.3.8.RELEASE.jar!/:4.3.8.RELEASE]
	at org.springframework.beans.factory.support.DefaultListableBeanFactory.doResolveDependency(DefaultListableBeanFactory.java:1138) ~[spring-beans-4.3.8.RELEASE.jar!/:4.3.8.RELEASE]
	at org.springframework.beans.factory.support.DefaultListableBeanFactory.resolveDependency(DefaultListableBeanFactory.java:1066) ~[spring-beans-4.3.8.RELEASE.jar!/:4.3.8.RELEASE]
	at org.springframework.beans.factory.annotation.AutowiredAnnotationBeanPostProcessor$AutowiredFieldElement.inject(AutowiredAnnotationBeanPostProcessor.java:585) ~[spring-beans-4.3.8.RELEASE.jar!/:4.3.8.RELEASE]
	at org.springframework.beans.factory.annotation.InjectionMetadata.inject(InjectionMetadata.java:88) ~[spring-beans-4.3.8.RELEASE.jar!/:4.3.8.RELEASE]
	at org.springframework.beans.factory.annotation.AutowiredAnnotationBeanPostProcessor.postProcessPropertyValues(AutowiredAnnotationBeanPostProcessor.java:366) ~[spring-beans-4.3.8.RELEASE.jar!/:4.3.8.RELEASE]
	at org.springframework.beans.factory.support.AbstractAutowireCapableBeanFactory.populateBean(AbstractAutowireCapableBeanFactory.java:1264) ~[spring-beans-4.3.8.RELEASE.jar!/:4.3.8.RELEASE]
	at org.springframework.beans.factory.support.AbstractAutowireCapableBeanFactory.doCreateBean(AbstractAutowireCapableBeanFactory.java:553) ~[spring-beans-4.3.8.RELEASE.jar!/:4.3.8.RELEASE]
	at org.springframework.beans.factory.support.AbstractAutowireCapableBeanFactory.createBean(AbstractAutowireCapableBeanFactory.java:483) ~[spring-beans-4.3.8.RELEASE.jar!/:4.3.8.RELEASE]
	at org.springframework.beans.factory.support.AbstractBeanFactory$1.getObject(AbstractBeanFactory.java:306) ~[spring-beans-4.3.8.RELEASE.jar!/:4.3.8.RELEASE]
	at org.springframework.beans.factory.support.DefaultSingletonBeanRegistry.getSingleton(DefaultSingletonBeanRegistry.java:230) ~[spring-beans-4.3.8.RELEASE.jar!/:4.3.8.RELEASE]
	at org.springframework.beans.factory.support.AbstractBeanFactory.doGetBean(AbstractBeanFactory.java:302) ~[spring-beans-4.3.8.RELEASE.jar!/:4.3.8.RELEASE]
	at org.springframework.beans.factory.support.AbstractBeanFactory.getBean(AbstractBeanFactory.java:202) ~[spring-beans-4.3.8.RELEASE.jar!/:4.3.8.RELEASE]
	at org.springframework.beans.factory.config.DependencyDescriptor.resolveCandidate(DependencyDescriptor.java:208) ~[spring-beans-4.3.8.RELEASE.jar!/:4.3.8.RELEASE]
	at org.springframework.beans.factory.support.DefaultListableBeanFactory.doResolveDependency(DefaultListableBeanFactory.java:1138) ~[spring-beans-4.3.8.RELEASE.jar!/:4.3.8.RELEASE]
	at org.springframework.beans.factory.support.DefaultListableBeanFactory.resolveDependency(DefaultListableBeanFactory.java:1066) ~[spring-beans-4.3.8.RELEASE.jar!/:4.3.8.RELEASE]
	at org.springframework.beans.factory.annotation.AutowiredAnnotationBeanPostProcessor$AutowiredFieldElement.inject(AutowiredAnnotationBeanPostProcessor.java:585) ~[spring-beans-4.3.8.RELEASE.jar!/:4.3.8.RELEASE]
	at org.springframework.beans.factory.annotation.InjectionMetadata.inject(InjectionMetadata.java:88) ~[spring-beans-4.3.8.RELEASE.jar!/:4.3.8.RELEASE]
	at org.springframework.beans.factory.annotation.AutowiredAnnotationBeanPostProcessor.postProcessPropertyValues(AutowiredAnnotationBeanPostProcessor.java:366) ~[spring-beans-4.3.8.RELEASE.jar!/:4.3.8.RELEASE]
	at org.springframework.beans.factory.support.AbstractAutowireCapableBeanFactory.populateBean(AbstractAutowireCapableBeanFactory.java:1264) ~[spring-beans-4.3.8.RELEASE.jar!/:4.3.8.RELEASE]
	at org.springframework.beans.factory.support.AbstractAutowireCapableBeanFactory.doCreateBean(AbstractAutowireCapableBeanFactory.java:553) ~[spring-beans-4.3.8.RELEASE.jar!/:4.3.8.RELEASE]
	at org.springframework.beans.factory.support.AbstractAutowireCapableBeanFactory.createBean(AbstractAutowireCapableBeanFactory.java:483) ~[spring-beans-4.3.8.RELEASE.jar!/:4.3.8.RELEASE]
	at org.springframework.beans.factory.support.AbstractBeanFactory$1.getObject(AbstractBeanFactory.java:306) ~[spring-beans-4.3.8.RELEASE.jar!/:4.3.8.RELEASE]
	at org.springframework.beans.factory.support.DefaultSingletonBeanRegistry.getSingleton(DefaultSingletonBeanRegistry.java:230) ~[spring-beans-4.3.8.RELEASE.jar!/:4.3.8.RELEASE]
	at org.springframework.beans.factory.support.AbstractBeanFactory.doGetBean(AbstractBeanFactory.java:302) ~[spring-beans-4.3.8.RELEASE.jar!/:4.3.8.RELEASE]
	at org.springframework.beans.factory.support.AbstractBeanFactory.getBean(AbstractBeanFactory.java:202) ~[spring-beans-4.3.8.RELEASE.jar!/:4.3.8.RELEASE]
	at org.springframework.beans.factory.config.DependencyDescriptor.resolveCandidate(DependencyDescriptor.java:208) ~[spring-beans-4.3.8.RELEASE.jar!/:4.3.8.RELEASE]
	at org.springframework.beans.factory.support.DefaultListableBeanFactory.doResolveDependency(DefaultListableBeanFactory.java:1138) ~[spring-beans-4.3.8.RELEASE.jar!/:4.3.8.RELEASE]
	at org.springframework.beans.factory.support.DefaultListableBeanFactory.resolveDependency(DefaultListableBeanFactory.java:1066) ~[spring-beans-4.3.8.RELEASE.jar!/:4.3.8.RELEASE]
	at org.springframework.beans.factory.annotation.AutowiredAnnotationBeanPostProcessor$AutowiredFieldElement.inject(AutowiredAnnotationBeanPostProcessor.java:585) ~[spring-beans-4.3.8.RELEASE.jar!/:4.3.8.RELEASE]
	... 27 more
Caused by: org.springframework.beans.factory.BeanCreationException: Error creating bean with name 'ffmpeg' defined in com.express.Application: Bean instantiation via factory method failed; nested exception is org.springframework.beans.BeanInstantiationException: Failed to instantiate [net.bramp.ffmpeg.FFmpeg]: Factory method 'ffmpeg' threw exception; nested exception is java.io.IOException: Cannot run program "ffmpeg": CreateProcess error=2, The system cannot find the file specified
	at org.springframework.beans.factory.support.ConstructorResolver.instantiateUsingFactoryMethod(ConstructorResolver.java:599) ~[spring-beans-4.3.8.RELEASE.jar!/:4.3.8.RELEASE]
	at org.springframework.beans.factory.support.AbstractAutowireCapableBeanFactory.instantiateUsingFactoryMethod(AbstractAutowireCapableBeanFactory.java:1173) ~[spring-beans-4.3.8.RELEASE.jar!/:4.3.8.RELEASE]
	at org.springframework.beans.factory.support.AbstractAutowireCapableBeanFactory.createBeanInstance(AbstractAutowireCapableBeanFactory.java:1067) ~[spring-beans-4.3.8.RELEASE.jar!/:4.3.8.RELEASE]
	at org.springframework.beans.factory.support.AbstractAutowireCapableBeanFactory.doCreateBean(AbstractAutowireCapableBeanFactory.java:513) ~[spring-beans-4.3.8.RELEASE.jar!/:4.3.8.RELEASE]
	at org.springframework.beans.factory.support.AbstractAutowireCapableBeanFactory.createBean(AbstractAutowireCapableBeanFactory.java:483) ~[spring-beans-4.3.8.RELEASE.jar!/:4.3.8.RELEASE]
	at org.springframework.beans.factory.support.AbstractBeanFactory$1.getObject(AbstractBeanFactory.java:306) ~[spring-beans-4.3.8.RELEASE.jar!/:4.3.8.RELEASE]
	at org.springframework.beans.factory.support.DefaultSingletonBeanRegistry.getSingleton(DefaultSingletonBeanRegistry.java:230) ~[spring-beans-4.3.8.RELEASE.jar!/:4.3.8.RELEASE]
	at org.springframework.beans.factory.support.AbstractBeanFactory.doGetBean(AbstractBeanFactory.java:302) ~[spring-beans-4.3.8.RELEASE.jar!/:4.3.8.RELEASE]
	at org.springframework.beans.factory.support.AbstractBeanFactory.getBean(AbstractBeanFactory.java:197) ~[spring-beans-4.3.8.RELEASE.jar!/:4.3.8.RELEASE]
	at org.springframework.context.annotation.ConfigurationClassEnhancer$BeanMethodInterceptor.obtainBeanInstanceFromFactory(ConfigurationClassEnhancer.java:389) ~[spring-context-4.3.8.RELEASE.jar!/:4.3.8.RELEASE]
	at org.springframework.context.annotation.ConfigurationClassEnhancer$BeanMethodInterceptor.intercept(ConfigurationClassEnhancer.java:361) ~[spring-context-4.3.8.RELEASE.jar!/:4.3.8.RELEASE]
	at com.express.Application$$EnhancerBySpringCGLIB$$8bc8e859.ffmpeg(<generated>) ~[classes!/:0.1.0]
	at com.express.Application.ffmpegExecutor(Application.java:106) ~[classes!/:0.1.0]
	at com.express.Application$$EnhancerBySpringCGLIB$$8bc8e859.CGLIB$ffmpegExecutor$5(<generated>) ~[classes!/:0.1.0]
	at com.express.Application$$EnhancerBySpringCGLIB$$8bc8e859$$FastClassBySpringCGLIB$$a49600ca.invoke(<generated>) ~[classes!/:0.1.0]
	at org.springframework.cglib.proxy.MethodProxy.invokeSuper(MethodProxy.java:228) ~[spring-core-4.3.8.RELEASE.jar!/:4.3.8.RELEASE]
	at org.springframework.context.annotation.ConfigurationClassEnhancer$BeanMethodInterceptor.intercept(ConfigurationClassEnhancer.java:358) ~[spring-context-4.3.8.RELEASE.jar!/:4.3.8.RELEASE]
	at com.express.Application$$EnhancerBySpringCGLIB$$8bc8e859.ffmpegExecutor(<generated>) ~[classes!/:0.1.0]
	at sun.reflect.NativeMethodAccessorImpl.invoke0(Native Method) ~[?:1.8.0_112]
	at sun.reflect.NativeMethodAccessorImpl.invoke(Unknown Source) ~[?:1.8.0_112]
	at sun.reflect.DelegatingMethodAccessorImpl.invoke(Unknown Source) ~[?:1.8.0_112]
	at java.lang.reflect.Method.invoke(Unknown Source) ~[?:1.8.0_112]
	at org.springframework.beans.factory.support.SimpleInstantiationStrategy.instantiate(SimpleInstantiationStrategy.java:162) ~[spring-beans-4.3.8.RELEASE.jar!/:4.3.8.RELEASE]
	at org.springframework.beans.factory.support.ConstructorResolver.instantiateUsingFactoryMethod(ConstructorResolver.java:588) ~[spring-beans-4.3.8.RELEASE.jar!/:4.3.8.RELEASE]
	at org.springframework.beans.factory.support.AbstractAutowireCapableBeanFactory.instantiateUsingFactoryMethod(AbstractAutowireCapableBeanFactory.java:1173) ~[spring-beans-4.3.8.RELEASE.jar!/:4.3.8.RELEASE]
	at org.springframework.beans.factory.support.AbstractAutowireCapableBeanFactory.createBeanInstance(AbstractAutowireCapableBeanFactory.java:1067) ~[spring-beans-4.3.8.RELEASE.jar!/:4.3.8.RELEASE]
	at org.springframework.beans.factory.support.AbstractAutowireCapableBeanFactory.doCreateBean(AbstractAutowireCapableBeanFactory.java:513) ~[spring-beans-4.3.8.RELEASE.jar!/:4.3.8.RELEASE]
	at org.springframework.beans.factory.support.AbstractAutowireCapableBeanFactory.createBean(AbstractAutowireCapableBeanFactory.java:483) ~[spring-beans-4.3.8.RELEASE.jar!/:4.3.8.RELEASE]
	at org.springframework.beans.factory.support.AbstractBeanFactory$1.getObject(AbstractBeanFactory.java:306) ~[spring-beans-4.3.8.RELEASE.jar!/:4.3.8.RELEASE]
	at org.springframework.beans.factory.support.DefaultSingletonBeanRegistry.getSingleton(DefaultSingletonBeanRegistry.java:230) ~[spring-beans-4.3.8.RELEASE.jar!/:4.3.8.RELEASE]
	at org.springframework.beans.factory.support.AbstractBeanFactory.doGetBean(AbstractBeanFactory.java:302) ~[spring-beans-4.3.8.RELEASE.jar!/:4.3.8.RELEASE]
	at org.springframework.beans.factory.support.AbstractBeanFactory.getBean(AbstractBeanFactory.java:202) ~[spring-beans-4.3.8.RELEASE.jar!/:4.3.8.RELEASE]
	at org.springframework.beans.factory.config.DependencyDescriptor.resolveCandidate(DependencyDescriptor.java:208) ~[spring-beans-4.3.8.RELEASE.jar!/:4.3.8.RELEASE]
	at org.springframework.beans.factory.support.DefaultListableBeanFactory.doResolveDependency(DefaultListableBeanFactory.java:1138) ~[spring-beans-4.3.8.RELEASE.jar!/:4.3.8.RELEASE]
	at org.springframework.beans.factory.support.DefaultListableBeanFactory.resolveDependency(DefaultListableBeanFactory.java:1066) ~[spring-beans-4.3.8.RELEASE.jar!/:4.3.8.RELEASE]
	at org.springframework.beans.factory.annotation.AutowiredAnnotationBeanPostProcessor$AutowiredFieldElement.inject(AutowiredAnnotationBeanPostProcessor.java:585) ~[spring-beans-4.3.8.RELEASE.jar!/:4.3.8.RELEASE]
	at org.springframework.beans.factory.annotation.InjectionMetadata.inject(InjectionMetadata.java:88) ~[spring-beans-4.3.8.RELEASE.jar!/:4.3.8.RELEASE]
	at org.springframework.beans.factory.annotation.AutowiredAnnotationBeanPostProcessor.postProcessPropertyValues(AutowiredAnnotationBeanPostProcessor.java:366) ~[spring-beans-4.3.8.RELEASE.jar!/:4.3.8.RELEASE]
	at org.springframework.beans.factory.support.AbstractAutowireCapableBeanFactory.populateBean(AbstractAutowireCapableBeanFactory.java:1264) ~[spring-beans-4.3.8.RELEASE.jar!/:4.3.8.RELEASE]
	at org.springframework.beans.factory.support.AbstractAutowireCapableBeanFactory.doCreateBean(AbstractAutowireCapableBeanFactory.java:553) ~[spring-beans-4.3.8.RELEASE.jar!/:4.3.8.RELEASE]
	at org.springframework.beans.factory.support.AbstractAutowireCapableBeanFactory.createBean(AbstractAutowireCapableBeanFactory.java:483) ~[spring-beans-4.3.8.RELEASE.jar!/:4.3.8.RELEASE]
	at org.springframework.beans.factory.support.AbstractBeanFactory$1.getObject(AbstractBeanFactory.java:306) ~[spring-beans-4.3.8.RELEASE.jar!/:4.3.8.RELEASE]
	at org.springframework.beans.factory.support.DefaultSingletonBeanRegistry.getSingleton(DefaultSingletonBeanRegistry.java:230) ~[spring-beans-4.3.8.RELEASE.jar!/:4.3.8.RELEASE]
	at org.springframework.beans.factory.support.AbstractBeanFactory.doGetBean(AbstractBeanFactory.java:302) ~[spring-beans-4.3.8.RELEASE.jar!/:4.3.8.RELEASE]
	at org.springframework.beans.factory.support.AbstractBeanFactory.getBean(AbstractBeanFactory.java:202) ~[spring-beans-4.3.8.RELEASE.jar!/:4.3.8.RELEASE]
	at org.springframework.beans.factory.config.DependencyDescriptor.resolveCandidate(DependencyDescriptor.java:208) ~[spring-beans-4.3.8.RELEASE.jar!/:4.3.8.RELEASE]
	at org.springframework.beans.factory.support.DefaultListableBeanFactory.doResolveDependency(DefaultListableBeanFactory.java:1138) ~[spring-beans-4.3.8.RELEASE.jar!/:4.3.8.RELEASE]
	at org.springframework.beans.factory.support.DefaultListableBeanFactory.resolveDependency(DefaultListableBeanFactory.java:1066) ~[spring-beans-4.3.8.RELEASE.jar!/:4.3.8.RELEASE]
	at org.springframework.beans.factory.annotation.AutowiredAnnotationBeanPostProcessor$AutowiredFieldElement.inject(AutowiredAnnotationBeanPostProcessor.java:585) ~[spring-beans-4.3.8.RELEASE.jar!/:4.3.8.RELEASE]
	at org.springframework.beans.factory.annotation.InjectionMetadata.inject(InjectionMetadata.java:88) ~[spring-beans-4.3.8.RELEASE.jar!/:4.3.8.RELEASE]
	at org.springframework.beans.factory.annotation.AutowiredAnnotationBeanPostProcessor.postProcessPropertyValues(AutowiredAnnotationBeanPostProcessor.java:366) ~[spring-beans-4.3.8.RELEASE.jar!/:4.3.8.RELEASE]
	at org.springframework.beans.factory.support.AbstractAutowireCapableBeanFactory.populateBean(AbstractAutowireCapableBeanFactory.java:1264) ~[spring-beans-4.3.8.RELEASE.jar!/:4.3.8.RELEASE]
	at org.springframework.beans.factory.support.AbstractAutowireCapableBeanFactory.doCreateBean(AbstractAutowireCapableBeanFactory.java:553) ~[spring-beans-4.3.8.RELEASE.jar!/:4.3.8.RELEASE]
	at org.springframework.beans.factory.support.AbstractAutowireCapableBeanFactory.createBean(AbstractAutowireCapableBeanFactory.java:483) ~[spring-beans-4.3.8.RELEASE.jar!/:4.3.8.RELEASE]
	at org.springframework.beans.factory.support.AbstractBeanFactory$1.getObject(AbstractBeanFactory.java:306) ~[spring-beans-4.3.8.RELEASE.jar!/:4.3.8.RELEASE]
	at org.springframework.beans.factory.support.DefaultSingletonBeanRegistry.getSingleton(DefaultSingletonBeanRegistry.java:230) ~[spring-beans-4.3.8.RELEASE.jar!/:4.3.8.RELEASE]
	at org.springframework.beans.factory.support.AbstractBeanFactory.doGetBean(AbstractBeanFactory.java:302) ~[spring-beans-4.3.8.RELEASE.jar!/:4.3.8.RELEASE]
	at org.springframework.beans.factory.support.AbstractBeanFactory.getBean(AbstractBeanFactory.java:202) ~[spring-beans-4.3.8.RELEASE.jar!/:4.3.8.RELEASE]
	at org.springframework.beans.factory.config.DependencyDescriptor.resolveCandidate(DependencyDescriptor.java:208) ~[spring-beans-4.3.8.RELEASE.jar!/:4.3.8.RELEASE]
	at org.springframework.beans.factory.support.DefaultListableBeanFactory.doResolveDependency(DefaultListableBeanFactory.java:1138) ~[spring-beans-4.3.8.RELEASE.jar!/:4.3.8.RELEASE]
	at org.springframework.beans.factory.support.DefaultListableBeanFactory.resolveDependency(DefaultListableBeanFactory.java:1066) ~[spring-beans-4.3.8.RELEASE.jar!/:4.3.8.RELEASE]
	at org.springframework.beans.factory.annotation.AutowiredAnnotationBeanPostProcessor$AutowiredFieldElement.inject(AutowiredAnnotationBeanPostProcessor.java:585) ~[spring-beans-4.3.8.RELEASE.jar!/:4.3.8.RELEASE]
	... 27 more
Caused by: org.springframework.beans.BeanInstantiationException: Failed to instantiate [net.bramp.ffmpeg.FFmpeg]: Factory method 'ffmpeg' threw exception; nested exception is java.io.IOException: Cannot run program "ffmpeg": CreateProcess error=2, The system cannot find the file specified
	at org.springframework.beans.factory.support.SimpleInstantiationStrategy.instantiate(SimpleInstantiationStrategy.java:189) ~[spring-beans-4.3.8.RELEASE.jar!/:4.3.8.RELEASE]
	at org.springframework.beans.factory.support.ConstructorResolver.instantiateUsingFactoryMethod(ConstructorResolver.java:588) ~[spring-beans-4.3.8.RELEASE.jar!/:4.3.8.RELEASE]
	at org.springframework.beans.factory.support.AbstractAutowireCapableBeanFactory.instantiateUsingFactoryMethod(AbstractAutowireCapableBeanFactory.java:1173) ~[spring-beans-4.3.8.RELEASE.jar!/:4.3.8.RELEASE]
	at org.springframework.beans.factory.support.AbstractAutowireCapableBeanFactory.createBeanInstance(AbstractAutowireCapableBeanFactory.java:1067) ~[spring-beans-4.3.8.RELEASE.jar!/:4.3.8.RELEASE]
	at org.springframework.beans.factory.support.AbstractAutowireCapableBeanFactory.doCreateBean(AbstractAutowireCapableBeanFactory.java:513) ~[spring-beans-4.3.8.RELEASE.jar!/:4.3.8.RELEASE]
	at org.springframework.beans.factory.support.AbstractAutowireCapableBeanFactory.createBean(AbstractAutowireCapableBeanFactory.java:483) ~[spring-beans-4.3.8.RELEASE.jar!/:4.3.8.RELEASE]
	at org.springframework.beans.factory.support.AbstractBeanFactory$1.getObject(AbstractBeanFactory.java:306) ~[spring-beans-4.3.8.RELEASE.jar!/:4.3.8.RELEASE]
	at org.springframework.beans.factory.support.DefaultSingletonBeanRegistry.getSingleton(DefaultSingletonBeanRegistry.java:230) ~[spring-beans-4.3.8.RELEASE.jar!/:4.3.8.RELEASE]
	at org.springframework.beans.factory.support.AbstractBeanFactory.doGetBean(AbstractBeanFactory.java:302) ~[spring-beans-4.3.8.RELEASE.jar!/:4.3.8.RELEASE]
	at org.springframework.beans.factory.support.AbstractBeanFactory.getBean(AbstractBeanFactory.java:197) ~[spring-beans-4.3.8.RELEASE.jar!/:4.3.8.RELEASE]
	at org.springframework.context.annotation.ConfigurationClassEnhancer$BeanMethodInterceptor.obtainBeanInstanceFromFactory(ConfigurationClassEnhancer.java:389) ~[spring-context-4.3.8.RELEASE.jar!/:4.3.8.RELEASE]
	at org.springframework.context.annotation.ConfigurationClassEnhancer$BeanMethodInterceptor.intercept(ConfigurationClassEnhancer.java:361) ~[spring-context-4.3.8.RELEASE.jar!/:4.3.8.RELEASE]
	at com.express.Application$$EnhancerBySpringCGLIB$$8bc8e859.ffmpeg(<generated>) ~[classes!/:0.1.0]
	at com.express.Application.ffmpegExecutor(Application.java:106) ~[classes!/:0.1.0]
	at com.express.Application$$EnhancerBySpringCGLIB$$8bc8e859.CGLIB$ffmpegExecutor$5(<generated>) ~[classes!/:0.1.0]
	at com.express.Application$$EnhancerBySpringCGLIB$$8bc8e859$$FastClassBySpringCGLIB$$a49600ca.invoke(<generated>) ~[classes!/:0.1.0]
	at org.springframework.cglib.proxy.MethodProxy.invokeSuper(MethodProxy.java:228) ~[spring-core-4.3.8.RELEASE.jar!/:4.3.8.RELEASE]
	at org.springframework.context.annotation.ConfigurationClassEnhancer$BeanMethodInterceptor.intercept(ConfigurationClassEnhancer.java:358) ~[spring-context-4.3.8.RELEASE.jar!/:4.3.8.RELEASE]
	at com.express.Application$$EnhancerBySpringCGLIB$$8bc8e859.ffmpegExecutor(<generated>) ~[classes!/:0.1.0]
	at sun.reflect.NativeMethodAccessorImpl.invoke0(Native Method) ~[?:1.8.0_112]
	at sun.reflect.NativeMethodAccessorImpl.invoke(Unknown Source) ~[?:1.8.0_112]
	at sun.reflect.DelegatingMethodAccessorImpl.invoke(Unknown Source) ~[?:1.8.0_112]
	at java.lang.reflect.Method.invoke(Unknown Source) ~[?:1.8.0_112]
	at org.springframework.beans.factory.support.SimpleInstantiationStrategy.instantiate(SimpleInstantiationStrategy.java:162) ~[spring-beans-4.3.8.RELEASE.jar!/:4.3.8.RELEASE]
	at org.springframework.beans.factory.support.ConstructorResolver.instantiateUsingFactoryMethod(ConstructorResolver.java:588) ~[spring-beans-4.3.8.RELEASE.jar!/:4.3.8.RELEASE]
	at org.springframework.beans.factory.support.AbstractAutowireCapableBeanFactory.instantiateUsingFactoryMethod(AbstractAutowireCapableBeanFactory.java:1173) ~[spring-beans-4.3.8.RELEASE.jar!/:4.3.8.RELEASE]
	at org.springframework.beans.factory.support.AbstractAutowireCapableBeanFactory.createBeanInstance(AbstractAutowireCapableBeanFactory.java:1067) ~[spring-beans-4.3.8.RELEASE.jar!/:4.3.8.RELEASE]
	at org.springframework.beans.factory.support.AbstractAutowireCapableBeanFactory.doCreateBean(AbstractAutowireCapableBeanFactory.java:513) ~[spring-beans-4.3.8.RELEASE.jar!/:4.3.8.RELEASE]
	at org.springframework.beans.factory.support.AbstractAutowireCapableBeanFactory.createBean(AbstractAutowireCapableBeanFactory.java:483) ~[spring-beans-4.3.8.RELEASE.jar!/:4.3.8.RELEASE]
	at org.springframework.beans.factory.support.AbstractBeanFactory$1.getObject(AbstractBeanFactory.java:306) ~[spring-beans-4.3.8.RELEASE.jar!/:4.3.8.RELEASE]
	at org.springframework.beans.factory.support.DefaultSingletonBeanRegistry.getSingleton(DefaultSingletonBeanRegistry.java:230) ~[spring-beans-4.3.8.RELEASE.jar!/:4.3.8.RELEASE]
	at org.springframework.beans.factory.support.AbstractBeanFactory.doGetBean(AbstractBeanFactory.java:302) ~[spring-beans-4.3.8.RELEASE.jar!/:4.3.8.RELEASE]
	at org.springframework.beans.factory.support.AbstractBeanFactory.getBean(AbstractBeanFactory.java:202) ~[spring-beans-4.3.8.RELEASE.jar!/:4.3.8.RELEASE]
	at org.springframework.beans.factory.config.DependencyDescriptor.resolveCandidate(DependencyDescriptor.java:208) ~[spring-beans-4.3.8.RELEASE.jar!/:4.3.8.RELEASE]
	at org.springframework.beans.factory.support.DefaultListableBeanFactory.doResolveDependency(DefaultListableBeanFactory.java:1138) ~[spring-beans-4.3.8.RELEASE.jar!/:4.3.8.RELEASE]
	at org.springframework.beans.factory.support.DefaultListableBeanFactory.resolveDependency(DefaultListableBeanFactory.java:1066) ~[spring-beans-4.3.8.RELEASE.jar!/:4.3.8.RELEASE]
	at org.springframework.beans.factory.annotation.AutowiredAnnotationBeanPostProcessor$AutowiredFieldElement.inject(AutowiredAnnotationBeanPostProcessor.java:585) ~[spring-beans-4.3.8.RELEASE.jar!/:4.3.8.RELEASE]
	at org.springframework.beans.factory.annotation.InjectionMetadata.inject(InjectionMetadata.java:88) ~[spring-beans-4.3.8.RELEASE.jar!/:4.3.8.RELEASE]
	at org.springframework.beans.factory.annotation.AutowiredAnnotationBeanPostProcessor.postProcessPropertyValues(AutowiredAnnotationBeanPostProcessor.java:366) ~[spring-beans-4.3.8.RELEASE.jar!/:4.3.8.RELEASE]
	at org.springframework.beans.factory.support.AbstractAutowireCapableBeanFactory.populateBean(AbstractAutowireCapableBeanFactory.java:1264) ~[spring-beans-4.3.8.RELEASE.jar!/:4.3.8.RELEASE]
	at org.springframework.beans.factory.support.AbstractAutowireCapableBeanFactory.doCreateBean(AbstractAutowireCapableBeanFactory.java:553) ~[spring-beans-4.3.8.RELEASE.jar!/:4.3.8.RELEASE]
	at org.springframework.beans.factory.support.AbstractAutowireCapableBeanFactory.createBean(AbstractAutowireCapableBeanFactory.java:483) ~[spring-beans-4.3.8.RELEASE.jar!/:4.3.8.RELEASE]
	at org.springframework.beans.factory.support.AbstractBeanFactory$1.getObject(AbstractBeanFactory.java:306) ~[spring-beans-4.3.8.RELEASE.jar!/:4.3.8.RELEASE]
	at org.springframework.beans.factory.support.DefaultSingletonBeanRegistry.getSingleton(DefaultSingletonBeanRegistry.java:230) ~[spring-beans-4.3.8.RELEASE.jar!/:4.3.8.RELEASE]
	at org.springframework.beans.factory.support.AbstractBeanFactory.doGetBean(AbstractBeanFactory.java:302) ~[spring-beans-4.3.8.RELEASE.jar!/:4.3.8.RELEASE]
	at org.springframework.beans.factory.support.AbstractBeanFactory.getBean(AbstractBeanFactory.java:202) ~[spring-beans-4.3.8.RELEASE.jar!/:4.3.8.RELEASE]
	at org.springframework.beans.factory.config.DependencyDescriptor.resolveCandidate(DependencyDescriptor.java:208) ~[spring-beans-4.3.8.RELEASE.jar!/:4.3.8.RELEASE]
	at org.springframework.beans.factory.support.DefaultListableBeanFactory.doResolveDependency(DefaultListableBeanFactory.java:1138) ~[spring-beans-4.3.8.RELEASE.jar!/:4.3.8.RELEASE]
	at org.springframework.beans.factory.support.DefaultListableBeanFactory.resolveDependency(DefaultListableBeanFactory.java:1066) ~[spring-beans-4.3.8.RELEASE.jar!/:4.3.8.RELEASE]
	at org.springframework.beans.factory.annotation.AutowiredAnnotationBeanPostProcessor$AutowiredFieldElement.inject(AutowiredAnnotationBeanPostProcessor.java:585) ~[spring-beans-4.3.8.RELEASE.jar!/:4.3.8.RELEASE]
	at org.springframework.beans.factory.annotation.InjectionMetadata.inject(InjectionMetadata.java:88) ~[spring-beans-4.3.8.RELEASE.jar!/:4.3.8.RELEASE]
	at org.springframework.beans.factory.annotation.AutowiredAnnotationBeanPostProcessor.postProcessPropertyValues(AutowiredAnnotationBeanPostProcessor.java:366) ~[spring-beans-4.3.8.RELEASE.jar!/:4.3.8.RELEASE]
	at org.springframework.beans.factory.support.AbstractAutowireCapableBeanFactory.populateBean(AbstractAutowireCapableBeanFactory.java:1264) ~[spring-beans-4.3.8.RELEASE.jar!/:4.3.8.RELEASE]
	at org.springframework.beans.factory.support.AbstractAutowireCapableBeanFactory.doCreateBean(AbstractAutowireCapableBeanFactory.java:553) ~[spring-beans-4.3.8.RELEASE.jar!/:4.3.8.RELEASE]
	at org.springframework.beans.factory.support.AbstractAutowireCapableBeanFactory.createBean(AbstractAutowireCapableBeanFactory.java:483) ~[spring-beans-4.3.8.RELEASE.jar!/:4.3.8.RELEASE]
	at org.springframework.beans.factory.support.AbstractBeanFactory$1.getObject(AbstractBeanFactory.java:306) ~[spring-beans-4.3.8.RELEASE.jar!/:4.3.8.RELEASE]
	at org.springframework.beans.factory.support.DefaultSingletonBeanRegistry.getSingleton(DefaultSingletonBeanRegistry.java:230) ~[spring-beans-4.3.8.RELEASE.jar!/:4.3.8.RELEASE]
	at org.springframework.beans.factory.support.AbstractBeanFactory.doGetBean(AbstractBeanFactory.java:302) ~[spring-beans-4.3.8.RELEASE.jar!/:4.3.8.RELEASE]
	at org.springframework.beans.factory.support.AbstractBeanFactory.getBean(AbstractBeanFactory.java:202) ~[spring-beans-4.3.8.RELEASE.jar!/:4.3.8.RELEASE]
	at org.springframework.beans.factory.config.DependencyDescriptor.resolveCandidate(DependencyDescriptor.java:208) ~[spring-beans-4.3.8.RELEASE.jar!/:4.3.8.RELEASE]
	at org.springframework.beans.factory.support.DefaultListableBeanFactory.doResolveDependency(DefaultListableBeanFactory.java:1138) ~[spring-beans-4.3.8.RELEASE.jar!/:4.3.8.RELEASE]
	at org.springframework.beans.factory.support.DefaultListableBeanFactory.resolveDependency(DefaultListableBeanFactory.java:1066) ~[spring-beans-4.3.8.RELEASE.jar!/:4.3.8.RELEASE]
	at org.springframework.beans.factory.annotation.AutowiredAnnotationBeanPostProcessor$AutowiredFieldElement.inject(AutowiredAnnotationBeanPostProcessor.java:585) ~[spring-beans-4.3.8.RELEASE.jar!/:4.3.8.RELEASE]
	... 27 more
Caused by: java.io.IOException: Cannot run program "ffmpeg": CreateProcess error=2, The system cannot find the file specified
	at java.lang.ProcessBuilder.start(Unknown Source) ~[?:1.8.0_112]
	at net.bramp.ffmpeg.RunProcessFunction.run(RunProcessFunction.java:33) ~[ffmpeg-0.6.1.jar!/:0.6.1]
	at net.bramp.ffmpeg.FFcommon.version(FFcommon.java:68) ~[ffmpeg-0.6.1.jar!/:0.6.1]
	at net.bramp.ffmpeg.FFmpeg.version(FFmpeg.java:31) ~[ffmpeg-0.6.1.jar!/:0.6.1]
	at net.bramp.ffmpeg.FFmpeg.<init>(FFmpeg.java:100) ~[ffmpeg-0.6.1.jar!/:0.6.1]
	at net.bramp.ffmpeg.FFmpeg.<init>(FFmpeg.java:87) ~[ffmpeg-0.6.1.jar!/:0.6.1]
	at com.express.Application.ffmpeg(Application.java:96) ~[classes!/:0.1.0]
	at com.express.Application$$EnhancerBySpringCGLIB$$8bc8e859.CGLIB$ffmpeg$3(<generated>) ~[classes!/:0.1.0]
	at com.express.Application$$EnhancerBySpringCGLIB$$8bc8e859$$FastClassBySpringCGLIB$$a49600ca.invoke(<generated>) ~[classes!/:0.1.0]
	at org.springframework.cglib.proxy.MethodProxy.invokeSuper(MethodProxy.java:228) ~[spring-core-4.3.8.RELEASE.jar!/:4.3.8.RELEASE]
	at org.springframework.context.annotation.ConfigurationClassEnhancer$BeanMethodInterceptor.intercept(ConfigurationClassEnhancer.java:358) ~[spring-context-4.3.8.RELEASE.jar!/:4.3.8.RELEASE]
	at com.express.Application$$EnhancerBySpringCGLIB$$8bc8e859.ffmpeg(<generated>) ~[classes!/:0.1.0]
	at sun.reflect.NativeMethodAccessorImpl.invoke0(Native Method) ~[?:1.8.0_112]
	at sun.reflect.NativeMethodAccessorImpl.invoke(Unknown Source) ~[?:1.8.0_112]
	at sun.reflect.DelegatingMethodAccessorImpl.invoke(Unknown Source) ~[?:1.8.0_112]
	at java.lang.reflect.Method.invoke(Unknown Source) ~[?:1.8.0_112]
	at org.springframework.beans.factory.support.SimpleInstantiationStrategy.instantiate(SimpleInstantiationStrategy.java:162) ~[spring-beans-4.3.8.RELEASE.jar!/:4.3.8.RELEASE]
	at org.springframework.beans.factory.support.ConstructorResolver.instantiateUsingFactoryMethod(ConstructorResolver.java:588) ~[spring-beans-4.3.8.RELEASE.jar!/:4.3.8.RELEASE]
	at org.springframework.beans.factory.support.AbstractAutowireCapableBeanFactory.instantiateUsingFactoryMethod(AbstractAutowireCapableBeanFactory.java:1173) ~[spring-beans-4.3.8.RELEASE.jar!/:4.3.8.RELEASE]
	at org.springframework.beans.factory.support.AbstractAutowireCapableBeanFactory.createBeanInstance(AbstractAutowireCapableBeanFactory.java:1067) ~[spring-beans-4.3.8.RELEASE.jar!/:4.3.8.RELEASE]
	at org.springframework.beans.factory.support.AbstractAutowireCapableBeanFactory.doCreateBean(AbstractAutowireCapableBeanFactory.java:513) ~[spring-beans-4.3.8.RELEASE.jar!/:4.3.8.RELEASE]
	at org.springframework.beans.factory.support.AbstractAutowireCapableBeanFactory.createBean(AbstractAutowireCapableBeanFactory.java:483) ~[spring-beans-4.3.8.RELEASE.jar!/:4.3.8.RELEASE]
	at org.springframework.beans.factory.support.AbstractBeanFactory$1.getObject(AbstractBeanFactory.java:306) ~[spring-beans-4.3.8.RELEASE.jar!/:4.3.8.RELEASE]
	at org.springframework.beans.factory.support.DefaultSingletonBeanRegistry.getSingleton(DefaultSingletonBeanRegistry.java:230) ~[spring-beans-4.3.8.RELEASE.jar!/:4.3.8.RELEASE]
	at org.springframework.beans.factory.support.AbstractBeanFactory.doGetBean(AbstractBeanFactory.java:302) ~[spring-beans-4.3.8.RELEASE.jar!/:4.3.8.RELEASE]
	at org.springframework.beans.factory.support.AbstractBeanFactory.getBean(AbstractBeanFactory.java:197) ~[spring-beans-4.3.8.RELEASE.jar!/:4.3.8.RELEASE]
	at org.springframework.context.annotation.ConfigurationClassEnhancer$BeanMethodInterceptor.obtainBeanInstanceFromFactory(ConfigurationClassEnhancer.java:389) ~[spring-context-4.3.8.RELEASE.jar!/:4.3.8.RELEASE]
	at org.springframework.context.annotation.ConfigurationClassEnhancer$BeanMethodInterceptor.intercept(ConfigurationClassEnhancer.java:361) ~[spring-context-4.3.8.RELEASE.jar!/:4.3.8.RELEASE]
	at com.express.Application$$EnhancerBySpringCGLIB$$8bc8e859.ffmpeg(<generated>) ~[classes!/:0.1.0]
	at com.express.Application.ffmpegExecutor(Application.java:106) ~[classes!/:0.1.0]
	at com.express.Application$$EnhancerBySpringCGLIB$$8bc8e859.CGLIB$ffmpegExecutor$5(<generated>) ~[classes!/:0.1.0]
	at com.express.Application$$EnhancerBySpringCGLIB$$8bc8e859$$FastClassBySpringCGLIB$$a49600ca.invoke(<generated>) ~[classes!/:0.1.0]
	at org.springframework.cglib.proxy.MethodProxy.invokeSuper(MethodProxy.java:228) ~[spring-core-4.3.8.RELEASE.jar!/:4.3.8.RELEASE]
	at org.springframework.context.annotation.ConfigurationClassEnhancer$BeanMethodInterceptor.intercept(ConfigurationClassEnhancer.java:358) ~[spring-context-4.3.8.RELEASE.jar!/:4.3.8.RELEASE]
	at com.express.Application$$EnhancerBySpringCGLIB$$8bc8e859.ffmpegExecutor(<generated>) ~[classes!/:0.1.0]
	at sun.reflect.NativeMethodAccessorImpl.invoke0(Native Method) ~[?:1.8.0_112]
	at sun.reflect.NativeMethodAccessorImpl.invoke(Unknown Source) ~[?:1.8.0_112]
	at sun.reflect.DelegatingMethodAccessorImpl.invoke(Unknown Source) ~[?:1.8.0_112]
	at java.lang.reflect.Method.invoke(Unknown Source) ~[?:1.8.0_112]
	at org.springframework.beans.factory.support.SimpleInstantiationStrategy.instantiate(SimpleInstantiationStrategy.java:162) ~[spring-beans-4.3.8.RELEASE.jar!/:4.3.8.RELEASE]
	at org.springframework.beans.factory.support.ConstructorResolver.instantiateUsingFactoryMethod(ConstructorResolver.java:588) ~[spring-beans-4.3.8.RELEASE.jar!/:4.3.8.RELEASE]
	at org.springframework.beans.factory.support.AbstractAutowireCapableBeanFactory.instantiateUsingFactoryMethod(AbstractAutowireCapableBeanFactory.java:1173) ~[spring-beans-4.3.8.RELEASE.jar!/:4.3.8.RELEASE]
	at org.springframework.beans.factory.support.AbstractAutowireCapableBeanFactory.createBeanInstance(AbstractAutowireCapableBeanFactory.java:1067) ~[spring-beans-4.3.8.RELEASE.jar!/:4.3.8.RELEASE]
	at org.springframework.beans.factory.support.AbstractAutowireCapableBeanFactory.doCreateBean(AbstractAutowireCapableBeanFactory.java:513) ~[spring-beans-4.3.8.RELEASE.jar!/:4.3.8.RELEASE]
	at org.springframework.beans.factory.support.AbstractAutowireCapableBeanFactory.createBean(AbstractAutowireCapableBeanFactory.java:483) ~[spring-beans-4.3.8.RELEASE.jar!/:4.3.8.RELEASE]
	at org.springframework.beans.factory.support.AbstractBeanFactory$1.getObject(AbstractBeanFactory.java:306) ~[spring-beans-4.3.8.RELEASE.jar!/:4.3.8.RELEASE]
	at org.springframework.beans.factory.support.DefaultSingletonBeanRegistry.getSingleton(DefaultSingletonBeanRegistry.java:230) ~[spring-beans-4.3.8.RELEASE.jar!/:4.3.8.RELEASE]
	at org.springframework.beans.factory.support.AbstractBeanFactory.doGetBean(AbstractBeanFactory.java:302) ~[spring-beans-4.3.8.RELEASE.jar!/:4.3.8.RELEASE]
	at org.springframework.beans.factory.support.AbstractBeanFactory.getBean(AbstractBeanFactory.java:202) ~[spring-beans-4.3.8.RELEASE.jar!/:4.3.8.RELEASE]
	at org.springframework.beans.factory.config.DependencyDescriptor.resolveCandidate(DependencyDescriptor.java:208) ~[spring-beans-4.3.8.RELEASE.jar!/:4.3.8.RELEASE]
	at org.springframework.beans.factory.support.DefaultListableBeanFactory.doResolveDependency(DefaultListableBeanFactory.java:1138) ~[spring-beans-4.3.8.RELEASE.jar!/:4.3.8.RELEASE]
	at org.springframework.beans.factory.support.DefaultListableBeanFactory.resolveDependency(DefaultListableBeanFactory.java:1066) ~[spring-beans-4.3.8.RELEASE.jar!/:4.3.8.RELEASE]
	at org.springframework.beans.factory.annotation.AutowiredAnnotationBeanPostProcessor$AutowiredFieldElement.inject(AutowiredAnnotationBeanPostProcessor.java:585) ~[spring-beans-4.3.8.RELEASE.jar!/:4.3.8.RELEASE]
	at org.springframework.beans.factory.annotation.InjectionMetadata.inject(InjectionMetadata.java:88) ~[spring-beans-4.3.8.RELEASE.jar!/:4.3.8.RELEASE]
	at org.springframework.beans.factory.annotation.AutowiredAnnotationBeanPostProcessor.postProcessPropertyValues(AutowiredAnnotationBeanPostProcessor.java:366) ~[spring-beans-4.3.8.RELEASE.jar!/:4.3.8.RELEASE]
	at org.springframework.beans.factory.support.AbstractAutowireCapableBeanFactory.populateBean(AbstractAutowireCapableBeanFactory.java:1264) ~[spring-beans-4.3.8.RELEASE.jar!/:4.3.8.RELEASE]
	at org.springframework.beans.factory.support.AbstractAutowireCapableBeanFactory.doCreateBean(AbstractAutowireCapableBeanFactory.java:553) ~[spring-beans-4.3.8.RELEASE.jar!/:4.3.8.RELEASE]
	at org.springframework.beans.factory.support.AbstractAutowireCapableBeanFactory.createBean(AbstractAutowireCapableBeanFactory.java:483) ~[spring-beans-4.3.8.RELEASE.jar!/:4.3.8.RELEASE]
	at org.springframework.beans.factory.support.AbstractBeanFactory$1.getObject(AbstractBeanFactory.java:306) ~[spring-beans-4.3.8.RELEASE.jar!/:4.3.8.RELEASE]
	at org.springframework.beans.factory.support.DefaultSingletonBeanRegistry.getSingleton(DefaultSingletonBeanRegistry.java:230) ~[spring-beans-4.3.8.RELEASE.jar!/:4.3.8.RELEASE]
	at org.springframework.beans.factory.support.AbstractBeanFactory.doGetBean(AbstractBeanFactory.java:302) ~[spring-beans-4.3.8.RELEASE.jar!/:4.3.8.RELEASE]
	at org.springframework.beans.factory.support.AbstractBeanFactory.getBean(AbstractBeanFactory.java:202) ~[spring-beans-4.3.8.RELEASE.jar!/:4.3.8.RELEASE]
	at org.springframework.beans.factory.config.DependencyDescriptor.resolveCandidate(DependencyDescriptor.java:208) ~[spring-beans-4.3.8.RELEASE.jar!/:4.3.8.RELEASE]
	at org.springframework.beans.factory.support.DefaultListableBeanFactory.doResolveDependency(DefaultListableBeanFactory.java:1138) ~[spring-beans-4.3.8.RELEASE.jar!/:4.3.8.RELEASE]
	at org.springframework.beans.factory.support.DefaultListableBeanFactory.resolveDependency(DefaultListableBeanFactory.java:1066) ~[spring-beans-4.3.8.RELEASE.jar!/:4.3.8.RELEASE]
	at org.springframework.beans.factory.annotation.AutowiredAnnotationBeanPostProcessor$AutowiredFieldElement.inject(AutowiredAnnotationBeanPostProcessor.java:585) ~[spring-beans-4.3.8.RELEASE.jar!/:4.3.8.RELEASE]
	at org.springframework.beans.factory.annotation.InjectionMetadata.inject(InjectionMetadata.java:88) ~[spring-beans-4.3.8.RELEASE.jar!/:4.3.8.RELEASE]
	at org.springframework.beans.factory.annotation.AutowiredAnnotationBeanPostProcessor.postProcessPropertyValues(AutowiredAnnotationBeanPostProcessor.java:366) ~[spring-beans-4.3.8.RELEASE.jar!/:4.3.8.RELEASE]
	at org.springframework.beans.factory.support.AbstractAutowireCapableBeanFactory.populateBean(AbstractAutowireCapableBeanFactory.java:1264) ~[spring-beans-4.3.8.RELEASE.jar!/:4.3.8.RELEASE]
	at org.springframework.beans.factory.support.AbstractAutowireCapableBeanFactory.doCreateBean(AbstractAutowireCapableBeanFactory.java:553) ~[spring-beans-4.3.8.RELEASE.jar!/:4.3.8.RELEASE]
	at org.springframework.beans.factory.support.AbstractAutowireCapableBeanFactory.createBean(AbstractAutowireCapableBeanFactory.java:483) ~[spring-beans-4.3.8.RELEASE.jar!/:4.3.8.RELEASE]
	at org.springframework.beans.factory.support.AbstractBeanFactory$1.getObject(AbstractBeanFactory.java:306) ~[spring-beans-4.3.8.RELEASE.jar!/:4.3.8.RELEASE]
	at org.springframework.beans.factory.support.DefaultSingletonBeanRegistry.getSingleton(DefaultSingletonBeanRegistry.java:230) ~[spring-beans-4.3.8.RELEASE.jar!/:4.3.8.RELEASE]
	at org.springframework.beans.factory.support.AbstractBeanFactory.doGetBean(AbstractBeanFactory.java:302) ~[spring-beans-4.3.8.RELEASE.jar!/:4.3.8.RELEASE]
	at org.springframework.beans.factory.support.AbstractBeanFactory.getBean(AbstractBeanFactory.java:202) ~[spring-beans-4.3.8.RELEASE.jar!/:4.3.8.RELEASE]
	at org.springframework.beans.factory.config.DependencyDescriptor.resolveCandidate(DependencyDescriptor.java:208) ~[spring-beans-4.3.8.RELEASE.jar!/:4.3.8.RELEASE]
	at org.springframework.beans.factory.support.DefaultListableBeanFactory.doResolveDependency(DefaultListableBeanFactory.java:1138) ~[spring-beans-4.3.8.RELEASE.jar!/:4.3.8.RELEASE]
	at org.springframework.beans.factory.support.DefaultListableBeanFactory.resolveDependency(DefaultListableBeanFactory.java:1066) ~[spring-beans-4.3.8.RELEASE.jar!/:4.3.8.RELEASE]
	at org.springframework.beans.factory.annotation.AutowiredAnnotationBeanPostProcessor$AutowiredFieldElement.inject(AutowiredAnnotationBeanPostProcessor.java:585) ~[spring-beans-4.3.8.RELEASE.jar!/:4.3.8.RELEASE]
	... 27 more
Caused by: java.io.IOException: CreateProcess error=2, The system cannot find the file specified
	at java.lang.ProcessImpl.create(Native Method) ~[?:1.8.0_112]
	at java.lang.ProcessImpl.<init>(Unknown Source) ~[?:1.8.0_112]
	at java.lang.ProcessImpl.start(Unknown Source) ~[?:1.8.0_112]
	at java.lang.ProcessBuilder.start(Unknown Source) ~[?:1.8.0_112]
	at net.bramp.ffmpeg.RunProcessFunction.run(RunProcessFunction.java:33) ~[ffmpeg-0.6.1.jar!/:0.6.1]
	at net.bramp.ffmpeg.FFcommon.version(FFcommon.java:68) ~[ffmpeg-0.6.1.jar!/:0.6.1]
	at net.bramp.ffmpeg.FFmpeg.version(FFmpeg.java:31) ~[ffmpeg-0.6.1.jar!/:0.6.1]
	at net.bramp.ffmpeg.FFmpeg.<init>(FFmpeg.java:100) ~[ffmpeg-0.6.1.jar!/:0.6.1]
	at net.bramp.ffmpeg.FFmpeg.<init>(FFmpeg.java:87) ~[ffmpeg-0.6.1.jar!/:0.6.1]
	at com.express.Application.ffmpeg(Application.java:96) ~[classes!/:0.1.0]
	at com.express.Application$$EnhancerBySpringCGLIB$$8bc8e859.CGLIB$ffmpeg$3(<generated>) ~[classes!/:0.1.0]
	at com.express.Application$$EnhancerBySpringCGLIB$$8bc8e859$$FastClassBySpringCGLIB$$a49600ca.invoke(<generated>) ~[classes!/:0.1.0]
	at org.springframework.cglib.proxy.MethodProxy.invokeSuper(MethodProxy.java:228) ~[spring-core-4.3.8.RELEASE.jar!/:4.3.8.RELEASE]
	at org.springframework.context.annotation.ConfigurationClassEnhancer$BeanMethodInterceptor.intercept(ConfigurationClassEnhancer.java:358) ~[spring-context-4.3.8.RELEASE.jar!/:4.3.8.RELEASE]
	at com.express.Application$$EnhancerBySpringCGLIB$$8bc8e859.ffmpeg(<generated>) ~[classes!/:0.1.0]
	at sun.reflect.NativeMethodAccessorImpl.invoke0(Native Method) ~[?:1.8.0_112]
	at sun.reflect.NativeMethodAccessorImpl.invoke(Unknown Source) ~[?:1.8.0_112]
	at sun.reflect.DelegatingMethodAccessorImpl.invoke(Unknown Source) ~[?:1.8.0_112]
	at java.lang.reflect.Method.invoke(Unknown Source) ~[?:1.8.0_112]
	at org.springframework.beans.factory.support.SimpleInstantiationStrategy.instantiate(SimpleInstantiationStrategy.java:162) ~[spring-beans-4.3.8.RELEASE.jar!/:4.3.8.RELEASE]
	at org.springframework.beans.factory.support.ConstructorResolver.instantiateUsingFactoryMethod(ConstructorResolver.java:588) ~[spring-beans-4.3.8.RELEASE.jar!/:4.3.8.RELEASE]
	at org.springframework.beans.factory.support.AbstractAutowireCapableBeanFactory.instantiateUsingFactoryMethod(AbstractAutowireCapableBeanFactory.java:1173) ~[spring-beans-4.3.8.RELEASE.jar!/:4.3.8.RELEASE]
	at org.springframework.beans.factory.support.AbstractAutowireCapableBeanFactory.createBeanInstance(AbstractAutowireCapableBeanFactory.java:1067) ~[spring-beans-4.3.8.RELEASE.jar!/:4.3.8.RELEASE]
	at org.springframework.beans.factory.support.AbstractAutowireCapableBeanFactory.doCreateBean(AbstractAutowireCapableBeanFactory.java:513) ~[spring-beans-4.3.8.RELEASE.jar!/:4.3.8.RELEASE]
	at org.springframework.beans.factory.support.AbstractAutowireCapableBeanFactory.createBean(AbstractAutowireCapableBeanFactory.java:483) ~[spring-beans-4.3.8.RELEASE.jar!/:4.3.8.RELEASE]
	at org.springframework.beans.factory.support.AbstractBeanFactory$1.getObject(AbstractBeanFactory.java:306) ~[spring-beans-4.3.8.RELEASE.jar!/:4.3.8.RELEASE]
	at org.springframework.beans.factory.support.DefaultSingletonBeanRegistry.getSingleton(DefaultSingletonBeanRegistry.java:230) ~[spring-beans-4.3.8.RELEASE.jar!/:4.3.8.RELEASE]
	at org.springframework.beans.factory.support.AbstractBeanFactory.doGetBean(AbstractBeanFactory.java:302) ~[spring-beans-4.3.8.RELEASE.jar!/:4.3.8.RELEASE]
	at org.springframework.beans.factory.support.AbstractBeanFactory.getBean(AbstractBeanFactory.java:197) ~[spring-beans-4.3.8.RELEASE.jar!/:4.3.8.RELEASE]
	at org.springframework.context.annotation.ConfigurationClassEnhancer$BeanMethodInterceptor.obtainBeanInstanceFromFactory(ConfigurationClassEnhancer.java:389) ~[spring-context-4.3.8.RELEASE.jar!/:4.3.8.RELEASE]
	at org.springframework.context.annotation.ConfigurationClassEnhancer$BeanMethodInterceptor.intercept(ConfigurationClassEnhancer.java:361) ~[spring-context-4.3.8.RELEASE.jar!/:4.3.8.RELEASE]
	at com.express.Application$$EnhancerBySpringCGLIB$$8bc8e859.ffmpeg(<generated>) ~[classes!/:0.1.0]
	at com.express.Application.ffmpegExecutor(Application.java:106) ~[classes!/:0.1.0]
	at com.express.Application$$EnhancerBySpringCGLIB$$8bc8e859.CGLIB$ffmpegExecutor$5(<generated>) ~[classes!/:0.1.0]
	at com.express.Application$$EnhancerBySpringCGLIB$$8bc8e859$$FastClassBySpringCGLIB$$a49600ca.invoke(<generated>) ~[classes!/:0.1.0]
	at org.springframework.cglib.proxy.MethodProxy.invokeSuper(MethodProxy.java:228) ~[spring-core-4.3.8.RELEASE.jar!/:4.3.8.RELEASE]
	at org.springframework.context.annotation.ConfigurationClassEnhancer$BeanMethodInterceptor.intercept(ConfigurationClassEnhancer.java:358) ~[spring-context-4.3.8.RELEASE.jar!/:4.3.8.RELEASE]
	at com.express.Application$$EnhancerBySpringCGLIB$$8bc8e859.ffmpegExecutor(<generated>) ~[classes!/:0.1.0]
	at sun.reflect.NativeMethodAccessorImpl.invoke0(Native Method) ~[?:1.8.0_112]
	at sun.reflect.NativeMethodAccessorImpl.invoke(Unknown Source) ~[?:1.8.0_112]
	at sun.reflect.DelegatingMethodAccessorImpl.invoke(Unknown Source) ~[?:1.8.0_112]
	at java.lang.reflect.Method.invoke(Unknown Source) ~[?:1.8.0_112]
	at org.springframework.beans.factory.support.SimpleInstantiationStrategy.instantiate(SimpleInstantiationStrategy.java:162) ~[spring-beans-4.3.8.RELEASE.jar!/:4.3.8.RELEASE]
	at org.springframework.beans.factory.support.ConstructorResolver.instantiateUsingFactoryMethod(ConstructorResolver.java:588) ~[spring-beans-4.3.8.RELEASE.jar!/:4.3.8.RELEASE]
	at org.springframework.beans.factory.support.AbstractAutowireCapableBeanFactory.instantiateUsingFactoryMethod(AbstractAutowireCapableBeanFactory.java:1173) ~[spring-beans-4.3.8.RELEASE.jar!/:4.3.8.RELEASE]
	at org.springframework.beans.factory.support.AbstractAutowireCapableBeanFactory.createBeanInstance(AbstractAutowireCapableBeanFactory.java:1067) ~[spring-beans-4.3.8.RELEASE.jar!/:4.3.8.RELEASE]
	at org.springframework.beans.factory.support.AbstractAutowireCapableBeanFactory.doCreateBean(AbstractAutowireCapableBeanFactory.java:513) ~[spring-beans-4.3.8.RELEASE.jar!/:4.3.8.RELEASE]
	at org.springframework.beans.factory.support.AbstractAutowireCapableBeanFactory.createBean(AbstractAutowireCapableBeanFactory.java:483) ~[spring-beans-4.3.8.RELEASE.jar!/:4.3.8.RELEASE]
	at org.springframework.beans.factory.support.AbstractBeanFactory$1.getObject(AbstractBeanFactory.java:306) ~[spring-beans-4.3.8.RELEASE.jar!/:4.3.8.RELEASE]
	at org.springframework.beans.factory.support.DefaultSingletonBeanRegistry.getSingleton(DefaultSingletonBeanRegistry.java:230) ~[spring-beans-4.3.8.RELEASE.jar!/:4.3.8.RELEASE]
	at org.springframework.beans.factory.support.AbstractBeanFactory.doGetBean(AbstractBeanFactory.java:302) ~[spring-beans-4.3.8.RELEASE.jar!/:4.3.8.RELEASE]
	at org.springframework.beans.factory.support.AbstractBeanFactory.getBean(AbstractBeanFactory.java:202) ~[spring-beans-4.3.8.RELEASE.jar!/:4.3.8.RELEASE]
	at org.springframework.beans.factory.config.DependencyDescriptor.resolveCandidate(DependencyDescriptor.java:208) ~[spring-beans-4.3.8.RELEASE.jar!/:4.3.8.RELEASE]
	at org.springframework.beans.factory.support.DefaultListableBeanFactory.doResolveDependency(DefaultListableBeanFactory.java:1138) ~[spring-beans-4.3.8.RELEASE.jar!/:4.3.8.RELEASE]
	at org.springframework.beans.factory.support.DefaultListableBeanFactory.resolveDependency(DefaultListableBeanFactory.java:1066) ~[spring-beans-4.3.8.RELEASE.jar!/:4.3.8.RELEASE]
	at org.springframework.beans.factory.annotation.AutowiredAnnotationBeanPostProcessor$AutowiredFieldElement.inject(AutowiredAnnotationBeanPostProcessor.java:585) ~[spring-beans-4.3.8.RELEASE.jar!/:4.3.8.RELEASE]
	at org.springframework.beans.factory.annotation.InjectionMetadata.inject(InjectionMetadata.java:88) ~[spring-beans-4.3.8.RELEASE.jar!/:4.3.8.RELEASE]
	at org.springframework.beans.factory.annotation.AutowiredAnnotationBeanPostProcessor.postProcessPropertyValues(AutowiredAnnotationBeanPostProcessor.java:366) ~[spring-beans-4.3.8.RELEASE.jar!/:4.3.8.RELEASE]
	at org.springframework.beans.factory.support.AbstractAutowireCapableBeanFactory.populateBean(AbstractAutowireCapableBeanFactory.java:1264) ~[spring-beans-4.3.8.RELEASE.jar!/:4.3.8.RELEASE]
	at org.springframework.beans.factory.support.AbstractAutowireCapableBeanFactory.doCreateBean(AbstractAutowireCapableBeanFactory.java:553) ~[spring-beans-4.3.8.RELEASE.jar!/:4.3.8.RELEASE]
	at org.springframework.beans.factory.support.AbstractAutowireCapableBeanFactory.createBean(AbstractAutowireCapableBeanFactory.java:483) ~[spring-beans-4.3.8.RELEASE.jar!/:4.3.8.RELEASE]
	at org.springframework.beans.factory.support.AbstractBeanFactory$1.getObject(AbstractBeanFactory.java:306) ~[spring-beans-4.3.8.RELEASE.jar!/:4.3.8.RELEASE]
	at org.springframework.beans.factory.support.DefaultSingletonBeanRegistry.getSingleton(DefaultSingletonBeanRegistry.java:230) ~[spring-beans-4.3.8.RELEASE.jar!/:4.3.8.RELEASE]
	at org.springframework.beans.factory.support.AbstractBeanFactory.doGetBean(AbstractBeanFactory.java:302) ~[spring-beans-4.3.8.RELEASE.jar!/:4.3.8.RELEASE]
	at org.springframework.beans.factory.support.AbstractBeanFactory.getBean(AbstractBeanFactory.java:202) ~[spring-beans-4.3.8.RELEASE.jar!/:4.3.8.RELEASE]
	at org.springframework.beans.factory.config.DependencyDescriptor.resolveCandidate(DependencyDescriptor.java:208) ~[spring-beans-4.3.8.RELEASE.jar!/:4.3.8.RELEASE]
	at org.springframework.beans.factory.support.DefaultListableBeanFactory.doResolveDependency(DefaultListableBeanFactory.java:1138) ~[spring-beans-4.3.8.RELEASE.jar!/:4.3.8.RELEASE]
	at org.springframework.beans.factory.support.DefaultListableBeanFactory.resolveDependency(DefaultListableBeanFactory.java:1066) ~[spring-beans-4.3.8.RELEASE.jar!/:4.3.8.RELEASE]
	at org.springframework.beans.factory.annotation.AutowiredAnnotationBeanPostProcessor$AutowiredFieldElement.inject(AutowiredAnnotationBeanPostProcessor.java:585) ~[spring-beans-4.3.8.RELEASE.jar!/:4.3.8.RELEASE]
	at org.springframework.beans.factory.annotation.InjectionMetadata.inject(InjectionMetadata.java:88) ~[spring-beans-4.3.8.RELEASE.jar!/:4.3.8.RELEASE]
	at org.springframework.beans.factory.annotation.AutowiredAnnotationBeanPostProcessor.postProcessPropertyValues(AutowiredAnnotationBeanPostProcessor.java:366) ~[spring-beans-4.3.8.RELEASE.jar!/:4.3.8.RELEASE]
	at org.springframework.beans.factory.support.AbstractAutowireCapableBeanFactory.populateBean(AbstractAutowireCapableBeanFactory.java:1264) ~[spring-beans-4.3.8.RELEASE.jar!/:4.3.8.RELEASE]
	at org.springframework.beans.factory.support.AbstractAutowireCapableBeanFactory.doCreateBean(AbstractAutowireCapableBeanFactory.java:553) ~[spring-beans-4.3.8.RELEASE.jar!/:4.3.8.RELEASE]
	at org.springframework.beans.factory.support.AbstractAutowireCapableBeanFactory.createBean(AbstractAutowireCapableBeanFactory.java:483) ~[spring-beans-4.3.8.RELEASE.jar!/:4.3.8.RELEASE]
	at org.springframework.beans.factory.support.AbstractBeanFactory$1.getObject(AbstractBeanFactory.java:306) ~[spring-beans-4.3.8.RELEASE.jar!/:4.3.8.RELEASE]
	at org.springframework.beans.factory.support.DefaultSingletonBeanRegistry.getSingleton(DefaultSingletonBeanRegistry.java:230) ~[spring-beans-4.3.8.RELEASE.jar!/:4.3.8.RELEASE]
	at org.springframework.beans.factory.support.AbstractBeanFactory.doGetBean(AbstractBeanFactory.java:302) ~[spring-beans-4.3.8.RELEASE.jar!/:4.3.8.RELEASE]
	at org.springframework.beans.factory.support.AbstractBeanFactory.getBean(AbstractBeanFactory.java:202) ~[spring-beans-4.3.8.RELEASE.jar!/:4.3.8.RELEASE]
	at org.springframework.beans.factory.config.DependencyDescriptor.resolveCandidate(DependencyDescriptor.java:208) ~[spring-beans-4.3.8.RELEASE.jar!/:4.3.8.RELEASE]
	at org.springframework.beans.factory.support.DefaultListableBeanFactory.doResolveDependency(DefaultListableBeanFactory.java:1138) ~[spring-beans-4.3.8.RELEASE.jar!/:4.3.8.RELEASE]
	at org.springframework.beans.factory.support.DefaultListableBeanFactory.resolveDependency(DefaultListableBeanFactory.java:1066) ~[spring-beans-4.3.8.RELEASE.jar!/:4.3.8.RELEASE]
	at org.springframework.beans.factory.annotation.AutowiredAnnotationBeanPostProcessor$AutowiredFieldElement.inject(AutowiredAnnotationBeanPostProcessor.java:585) ~[spring-beans-4.3.8.RELEASE.jar!/:4.3.8.RELEASE]
	... 27 more
